{"C:\\Users\\aodon\\sbExercises\\express-jobly\\app.js": {"path":"C:\\Users\\aodon\\sbExercises\\express-jobly\\app.js","statementMap":{"0":{"start":{"line":5,"column":16},"end":{"line":5,"column":34}},"1":{"start":{"line":6,"column":13},"end":{"line":6,"column":28}},"2":{"start":{"line":8,"column":26},"end":{"line":8,"column":51}},"3":{"start":{"line":10,"column":28},"end":{"line":10,"column":56}},"4":{"start":{"line":11,"column":19},"end":{"line":11,"column":43}},"5":{"start":{"line":12,"column":24},"end":{"line":12,"column":53}},"6":{"start":{"line":13,"column":20},"end":{"line":13,"column":45}},"7":{"start":{"line":14,"column":19},"end":{"line":14,"column":43}},"8":{"start":{"line":16,"column":15},"end":{"line":16,"column":32}},"9":{"start":{"line":18,"column":12},"end":{"line":18,"column":21}},"10":{"start":{"line":20,"column":0},"end":{"line":20,"column":16}},"11":{"start":{"line":21,"column":0},"end":{"line":21,"column":24}},"12":{"start":{"line":22,"column":0},"end":{"line":22,"column":24}},"13":{"start":{"line":23,"column":0},"end":{"line":23,"column":25}},"14":{"start":{"line":25,"column":0},"end":{"line":25,"column":29}},"15":{"start":{"line":26,"column":0},"end":{"line":26,"column":39}},"16":{"start":{"line":27,"column":0},"end":{"line":27,"column":31}},"17":{"start":{"line":28,"column":0},"end":{"line":28,"column":28}},"18":{"start":{"line":32,"column":0},"end":{"line":34,"column":3}},"19":{"start":{"line":33,"column":2},"end":{"line":33,"column":35}},"20":{"start":{"line":37,"column":0},"end":{"line":45,"column":3}},"21":{"start":{"line":38,"column":2},"end":{"line":38,"column":64}},"22":{"start":{"line":38,"column":39},"end":{"line":38,"column":64}},"23":{"start":{"line":39,"column":17},"end":{"line":39,"column":34}},"24":{"start":{"line":40,"column":18},"end":{"line":40,"column":29}},"25":{"start":{"line":42,"column":2},"end":{"line":44,"column":5}},"26":{"start":{"line":47,"column":0},"end":{"line":47,"column":21}}},"fnMap":{"0":{"name":"(anonymous_0)","decl":{"start":{"line":32,"column":8},"end":{"line":32,"column":9}},"loc":{"start":{"line":32,"column":34},"end":{"line":34,"column":1}},"line":32},"1":{"name":"(anonymous_1)","decl":{"start":{"line":37,"column":8},"end":{"line":37,"column":9}},"loc":{"start":{"line":37,"column":39},"end":{"line":45,"column":1}},"line":37}},"branchMap":{"0":{"loc":{"start":{"line":38,"column":2},"end":{"line":38,"column":64}},"type":"if","locations":[{"start":{"line":38,"column":2},"end":{"line":38,"column":64}},{"start":{},"end":{}}],"line":38},"1":{"loc":{"start":{"line":39,"column":17},"end":{"line":39,"column":34}},"type":"binary-expr","locations":[{"start":{"line":39,"column":17},"end":{"line":39,"column":27}},{"start":{"line":39,"column":31},"end":{"line":39,"column":34}}],"line":39}},"s":{"0":4,"1":4,"2":4,"3":4,"4":4,"5":4,"6":4,"7":4,"8":4,"9":4,"10":4,"11":4,"12":4,"13":4,"14":4,"15":4,"16":4,"17":4,"18":4,"19":2,"20":4,"21":30,"22":1,"23":30,"24":30,"25":30,"26":4},"f":{"0":2,"1":30},"b":{"0":[1,29],"1":[30,2]},"_coverageSchema":"1a1c01bbd47fc00a2c39e90264f33305004495a9","hash":"74c1cf9c0da475799a76b1f57a73d99316ea222a"}
,"C:\\Users\\aodon\\sbExercises\\express-jobly\\config.js": {"path":"C:\\Users\\aodon\\sbExercises\\express-jobly\\config.js","statementMap":{"0":{"start":{"line":5,"column":0},"end":{"line":5,"column":27}},"1":{"start":{"line":6,"column":0},"end":{"line":6,"column":18}},"2":{"start":{"line":7,"column":15},"end":{"line":7,"column":34}},"3":{"start":{"line":9,"column":19},"end":{"line":9,"column":57}},"4":{"start":{"line":11,"column":13},"end":{"line":11,"column":38}},"5":{"start":{"line":15,"column":2},"end":{"line":17,"column":44}},"6":{"start":{"line":23,"column":27},"end":{"line":23,"column":67}},"7":{"start":{"line":25,"column":0},"end":{"line":25,"column":35}},"8":{"start":{"line":26,"column":0},"end":{"line":26,"column":46}},"9":{"start":{"line":27,"column":0},"end":{"line":27,"column":45}},"10":{"start":{"line":28,"column":0},"end":{"line":28,"column":61}},"11":{"start":{"line":29,"column":0},"end":{"line":29,"column":50}},"12":{"start":{"line":30,"column":0},"end":{"line":30,"column":19}},"13":{"start":{"line":32,"column":0},"end":{"line":37,"column":2}}},"fnMap":{"0":{"name":"getDatabaseUri","decl":{"start":{"line":14,"column":9},"end":{"line":14,"column":23}},"loc":{"start":{"line":14,"column":26},"end":{"line":18,"column":1}},"line":14}},"branchMap":{"0":{"loc":{"start":{"line":9,"column":19},"end":{"line":9,"column":57}},"type":"binary-expr","locations":[{"start":{"line":9,"column":19},"end":{"line":9,"column":41}},{"start":{"line":9,"column":45},"end":{"line":9,"column":57}}],"line":9},"1":{"loc":{"start":{"line":11,"column":13},"end":{"line":11,"column":38}},"type":"binary-expr","locations":[{"start":{"line":11,"column":13},"end":{"line":11,"column":30}},{"start":{"line":11,"column":34},"end":{"line":11,"column":38}}],"line":11},"2":{"loc":{"start":{"line":15,"column":9},"end":{"line":17,"column":43}},"type":"cond-expr","locations":[{"start":{"line":16,"column":8},"end":{"line":16,"column":20}},{"start":{"line":17,"column":8},"end":{"line":17,"column":43}}],"line":15},"3":{"loc":{"start":{"line":17,"column":8},"end":{"line":17,"column":43}},"type":"binary-expr","locations":[{"start":{"line":17,"column":8},"end":{"line":17,"column":32}},{"start":{"line":17,"column":36},"end":{"line":17,"column":43}}],"line":17},"4":{"loc":{"start":{"line":23,"column":27},"end":{"line":23,"column":67}},"type":"cond-expr","locations":[{"start":{"line":23,"column":61},"end":{"line":23,"column":62}},{"start":{"line":23,"column":65},"end":{"line":23,"column":67}}],"line":23}},"s":{"0":10,"1":10,"2":10,"3":10,"4":10,"5":20,"6":10,"7":10,"8":10,"9":10,"10":10,"11":10,"12":10,"13":10},"f":{"0":20},"b":{"0":[10,9],"1":[10,9],"2":[17,3],"3":[3,1],"4":[9,1]},"_coverageSchema":"1a1c01bbd47fc00a2c39e90264f33305004495a9","hash":"e42892614242eb629af8e029722624d27e01f23b"}
,"C:\\Users\\aodon\\sbExercises\\express-jobly\\db.js": {"path":"C:\\Users\\aodon\\sbExercises\\express-jobly\\db.js","statementMap":{"0":{"start":{"line":3,"column":19},"end":{"line":3,"column":32}},"1":{"start":{"line":4,"column":27},"end":{"line":4,"column":46}},"2":{"start":{"line":5,"column":15},"end":{"line":5,"column":34}},"3":{"start":{"line":9,"column":0},"end":{"line":21,"column":1}},"4":{"start":{"line":10,"column":2},"end":{"line":15,"column":5}},"5":{"start":{"line":17,"column":2},"end":{"line":20,"column":5}},"6":{"start":{"line":23,"column":0},"end":{"line":23,"column":13}},"7":{"start":{"line":25,"column":0},"end":{"line":25,"column":20}}},"fnMap":{},"branchMap":{"0":{"loc":{"start":{"line":9,"column":0},"end":{"line":21,"column":1}},"type":"if","locations":[{"start":{"line":9,"column":0},"end":{"line":21,"column":1}},{"start":{"line":16,"column":7},"end":{"line":21,"column":1}}],"line":9}},"s":{"0":7,"1":7,"2":7,"3":7,"4":0,"5":7,"6":7,"7":7},"f":{},"b":{"0":[0,7]},"_coverageSchema":"1a1c01bbd47fc00a2c39e90264f33305004495a9","hash":"43ed6b773e3879cd3897b91451a1aa210c1efb9b"}
,"C:\\Users\\aodon\\sbExercises\\express-jobly\\expressError.js": {"path":"C:\\Users\\aodon\\sbExercises\\express-jobly\\expressError.js","statementMap":{"0":{"start":{"line":9,"column":4},"end":{"line":9,"column":12}},"1":{"start":{"line":10,"column":4},"end":{"line":10,"column":27}},"2":{"start":{"line":11,"column":4},"end":{"line":11,"column":25}},"3":{"start":{"line":19,"column":4},"end":{"line":19,"column":24}},"4":{"start":{"line":27,"column":4},"end":{"line":27,"column":24}},"5":{"start":{"line":35,"column":4},"end":{"line":35,"column":24}},"6":{"start":{"line":43,"column":4},"end":{"line":43,"column":24}},"7":{"start":{"line":47,"column":0},"end":{"line":53,"column":2}}},"fnMap":{"0":{"name":"(anonymous_0)","decl":{"start":{"line":8,"column":2},"end":{"line":8,"column":3}},"loc":{"start":{"line":8,"column":31},"end":{"line":12,"column":3}},"line":8},"1":{"name":"(anonymous_1)","decl":{"start":{"line":18,"column":2},"end":{"line":18,"column":3}},"loc":{"start":{"line":18,"column":37},"end":{"line":20,"column":3}},"line":18},"2":{"name":"(anonymous_2)","decl":{"start":{"line":26,"column":2},"end":{"line":26,"column":3}},"loc":{"start":{"line":26,"column":40},"end":{"line":28,"column":3}},"line":26},"3":{"name":"(anonymous_3)","decl":{"start":{"line":34,"column":2},"end":{"line":34,"column":3}},"loc":{"start":{"line":34,"column":39},"end":{"line":36,"column":3}},"line":34},"4":{"name":"(anonymous_4)","decl":{"start":{"line":42,"column":2},"end":{"line":42,"column":3}},"loc":{"start":{"line":42,"column":39},"end":{"line":44,"column":3}},"line":42}},"branchMap":{"0":{"loc":{"start":{"line":18,"column":14},"end":{"line":18,"column":35}},"type":"default-arg","locations":[{"start":{"line":18,"column":24},"end":{"line":18,"column":35}}],"line":18},"1":{"loc":{"start":{"line":26,"column":14},"end":{"line":26,"column":38}},"type":"default-arg","locations":[{"start":{"line":26,"column":24},"end":{"line":26,"column":38}}],"line":26},"2":{"loc":{"start":{"line":34,"column":14},"end":{"line":34,"column":37}},"type":"default-arg","locations":[{"start":{"line":34,"column":24},"end":{"line":34,"column":37}}],"line":34},"3":{"loc":{"start":{"line":42,"column":14},"end":{"line":42,"column":37}},"type":"default-arg","locations":[{"start":{"line":42,"column":24},"end":{"line":42,"column":37}}],"line":42}},"s":{"0":45,"1":45,"2":45,"3":17,"4":12,"5":16,"6":0,"7":9},"f":{"0":45,"1":17,"2":12,"3":16,"4":0},"b":{"0":[2],"1":[8],"2":[0],"3":[0]},"_coverageSchema":"1a1c01bbd47fc00a2c39e90264f33305004495a9","hash":"8f3fd3500cbc1dbc4e2e44724a724aacee57d200"}
,"C:\\Users\\aodon\\sbExercises\\express-jobly\\secret.js": {"path":"C:\\Users\\aodon\\sbExercises\\express-jobly\\secret.js","statementMap":{"0":{"start":{"line":1,"column":15},"end":{"line":1,"column":29}},"1":{"start":{"line":3,"column":0},"end":{"line":3,"column":23}}},"fnMap":{},"branchMap":{},"s":{"0":10,"1":10},"f":{},"b":{},"_coverageSchema":"1a1c01bbd47fc00a2c39e90264f33305004495a9","hash":"a0c1cd5d9b9b4745110ed4dd91d0d58608f54f92"}
,"C:\\Users\\aodon\\sbExercises\\express-jobly\\helpers\\queryBuilder.js": {"path":"C:\\Users\\aodon\\sbExercises\\express-jobly\\helpers\\queryBuilder.js","statementMap":{"0":{"start":{"line":11,"column":20},"end":{"line":11,"column":132}},"1":{"start":{"line":12,"column":15},"end":{"line":12,"column":17}},"2":{"start":{"line":13,"column":14},"end":{"line":13,"column":15}},"3":{"start":{"line":15,"column":27},"end":{"line":15,"column":35}},"4":{"start":{"line":17,"column":2},"end":{"line":22,"column":3}},"5":{"start":{"line":18,"column":4},"end":{"line":18,"column":39}},"6":{"start":{"line":18,"column":16},"end":{"line":18,"column":39}},"7":{"start":{"line":19,"column":4},"end":{"line":19,"column":55}},"8":{"start":{"line":20,"column":4},"end":{"line":20,"column":29}},"9":{"start":{"line":21,"column":4},"end":{"line":21,"column":12}},"10":{"start":{"line":23,"column":2},"end":{"line":28,"column":3}},"11":{"start":{"line":24,"column":4},"end":{"line":24,"column":39}},"12":{"start":{"line":24,"column":16},"end":{"line":24,"column":39}},"13":{"start":{"line":25,"column":4},"end":{"line":25,"column":48}},"14":{"start":{"line":26,"column":4},"end":{"line":26,"column":21}},"15":{"start":{"line":27,"column":4},"end":{"line":27,"column":12}},"16":{"start":{"line":29,"column":2},"end":{"line":34,"column":3}},"17":{"start":{"line":30,"column":4},"end":{"line":30,"column":39}},"18":{"start":{"line":30,"column":16},"end":{"line":30,"column":39}},"19":{"start":{"line":31,"column":4},"end":{"line":31,"column":48}},"20":{"start":{"line":32,"column":4},"end":{"line":32,"column":21}},"21":{"start":{"line":33,"column":4},"end":{"line":33,"column":12}},"22":{"start":{"line":35,"column":2},"end":{"line":38,"column":3}},"23":{"start":{"line":43,"column":20},"end":{"line":43,"column":102}},"24":{"start":{"line":44,"column":15},"end":{"line":44,"column":17}},"25":{"start":{"line":45,"column":14},"end":{"line":45,"column":15}},"26":{"start":{"line":47,"column":39},"end":{"line":47,"column":47}},"27":{"start":{"line":49,"column":2},"end":{"line":54,"column":3}},"28":{"start":{"line":50,"column":4},"end":{"line":50,"column":39}},"29":{"start":{"line":50,"column":16},"end":{"line":50,"column":39}},"30":{"start":{"line":51,"column":4},"end":{"line":51,"column":56}},"31":{"start":{"line":52,"column":4},"end":{"line":52,"column":30}},"32":{"start":{"line":53,"column":4},"end":{"line":53,"column":12}},"33":{"start":{"line":55,"column":2},"end":{"line":60,"column":3}},"34":{"start":{"line":56,"column":4},"end":{"line":56,"column":39}},"35":{"start":{"line":56,"column":16},"end":{"line":56,"column":39}},"36":{"start":{"line":57,"column":4},"end":{"line":57,"column":41}},"37":{"start":{"line":58,"column":4},"end":{"line":58,"column":21}},"38":{"start":{"line":59,"column":4},"end":{"line":59,"column":12}},"39":{"start":{"line":61,"column":2},"end":{"line":66,"column":3}},"40":{"start":{"line":62,"column":4},"end":{"line":62,"column":39}},"41":{"start":{"line":62,"column":16},"end":{"line":62,"column":39}},"42":{"start":{"line":63,"column":4},"end":{"line":63,"column":41}},"43":{"start":{"line":64,"column":4},"end":{"line":64,"column":21}},"44":{"start":{"line":65,"column":4},"end":{"line":65,"column":12}},"45":{"start":{"line":67,"column":2},"end":{"line":71,"column":3}},"46":{"start":{"line":68,"column":4},"end":{"line":68,"column":39}},"47":{"start":{"line":68,"column":16},"end":{"line":68,"column":39}},"48":{"start":{"line":69,"column":4},"end":{"line":69,"column":32}},"49":{"start":{"line":70,"column":4},"end":{"line":70,"column":12}},"50":{"start":{"line":72,"column":2},"end":{"line":75,"column":3}},"51":{"start":{"line":79,"column":0},"end":{"line":79,"column":55}}},"fnMap":{"0":{"name":"companyQueryBuilder","decl":{"start":{"line":9,"column":9},"end":{"line":9,"column":28}},"loc":{"start":{"line":9,"column":38},"end":{"line":39,"column":1}},"line":9},"1":{"name":"jobQueryBuilder","decl":{"start":{"line":41,"column":9},"end":{"line":41,"column":24}},"loc":{"start":{"line":41,"column":34},"end":{"line":76,"column":1}},"line":41}},"branchMap":{"0":{"loc":{"start":{"line":17,"column":2},"end":{"line":22,"column":3}},"type":"if","locations":[{"start":{"line":17,"column":2},"end":{"line":22,"column":3}},{"start":{},"end":{}}],"line":17},"1":{"loc":{"start":{"line":18,"column":4},"end":{"line":18,"column":39}},"type":"if","locations":[{"start":{"line":18,"column":4},"end":{"line":18,"column":39}},{"start":{},"end":{}}],"line":18},"2":{"loc":{"start":{"line":23,"column":2},"end":{"line":28,"column":3}},"type":"if","locations":[{"start":{"line":23,"column":2},"end":{"line":28,"column":3}},{"start":{},"end":{}}],"line":23},"3":{"loc":{"start":{"line":24,"column":4},"end":{"line":24,"column":39}},"type":"if","locations":[{"start":{"line":24,"column":4},"end":{"line":24,"column":39}},{"start":{},"end":{}}],"line":24},"4":{"loc":{"start":{"line":29,"column":2},"end":{"line":34,"column":3}},"type":"if","locations":[{"start":{"line":29,"column":2},"end":{"line":34,"column":3}},{"start":{},"end":{}}],"line":29},"5":{"loc":{"start":{"line":30,"column":4},"end":{"line":30,"column":39}},"type":"if","locations":[{"start":{"line":30,"column":4},"end":{"line":30,"column":39}},{"start":{},"end":{}}],"line":30},"6":{"loc":{"start":{"line":49,"column":2},"end":{"line":54,"column":3}},"type":"if","locations":[{"start":{"line":49,"column":2},"end":{"line":54,"column":3}},{"start":{},"end":{}}],"line":49},"7":{"loc":{"start":{"line":50,"column":4},"end":{"line":50,"column":39}},"type":"if","locations":[{"start":{"line":50,"column":4},"end":{"line":50,"column":39}},{"start":{},"end":{}}],"line":50},"8":{"loc":{"start":{"line":55,"column":2},"end":{"line":60,"column":3}},"type":"if","locations":[{"start":{"line":55,"column":2},"end":{"line":60,"column":3}},{"start":{},"end":{}}],"line":55},"9":{"loc":{"start":{"line":56,"column":4},"end":{"line":56,"column":39}},"type":"if","locations":[{"start":{"line":56,"column":4},"end":{"line":56,"column":39}},{"start":{},"end":{}}],"line":56},"10":{"loc":{"start":{"line":61,"column":2},"end":{"line":66,"column":3}},"type":"if","locations":[{"start":{"line":61,"column":2},"end":{"line":66,"column":3}},{"start":{},"end":{}}],"line":61},"11":{"loc":{"start":{"line":62,"column":4},"end":{"line":62,"column":39}},"type":"if","locations":[{"start":{"line":62,"column":4},"end":{"line":62,"column":39}},{"start":{},"end":{}}],"line":62},"12":{"loc":{"start":{"line":67,"column":2},"end":{"line":71,"column":3}},"type":"if","locations":[{"start":{"line":67,"column":2},"end":{"line":71,"column":3}},{"start":{},"end":{}}],"line":67},"13":{"loc":{"start":{"line":68,"column":4},"end":{"line":68,"column":39}},"type":"if","locations":[{"start":{"line":68,"column":4},"end":{"line":68,"column":39}},{"start":{},"end":{}}],"line":68}},"s":{"0":6,"1":6,"2":6,"3":6,"4":6,"5":3,"6":0,"7":3,"8":3,"9":3,"10":6,"11":3,"12":1,"13":3,"14":3,"15":3,"16":6,"17":2,"18":1,"19":2,"20":2,"21":2,"22":6,"23":5,"24":5,"25":5,"26":5,"27":5,"28":3,"29":0,"30":3,"31":3,"32":3,"33":5,"34":2,"35":1,"36":2,"37":2,"38":2,"39":5,"40":1,"41":0,"42":1,"43":1,"44":1,"45":5,"46":0,"47":0,"48":0,"49":0,"50":5,"51":7},"f":{"0":6,"1":5},"b":{"0":[3,3],"1":[0,3],"2":[3,3],"3":[1,2],"4":[2,4],"5":[1,1],"6":[3,2],"7":[0,3],"8":[2,3],"9":[1,1],"10":[1,4],"11":[0,1],"12":[0,5],"13":[0,0]},"_coverageSchema":"1a1c01bbd47fc00a2c39e90264f33305004495a9","hash":"3454d213572c051366180f5ca2909fca68ace6b4"}
,"C:\\Users\\aodon\\sbExercises\\express-jobly\\helpers\\sql.js": {"path":"C:\\Users\\aodon\\sbExercises\\express-jobly\\helpers\\sql.js","statementMap":{"0":{"start":{"line":1,"column":28},"end":{"line":1,"column":54}},"1":{"start":{"line":6,"column":15},"end":{"line":6,"column":40}},"2":{"start":{"line":7,"column":2},"end":{"line":7,"column":62}},"3":{"start":{"line":7,"column":25},"end":{"line":7,"column":62}},"4":{"start":{"line":12,"column":15},"end":{"line":14,"column":3}},"5":{"start":{"line":13,"column":6},"end":{"line":13,"column":52}},"6":{"start":{"line":18,"column":2},"end":{"line":21,"column":4}},"7":{"start":{"line":24,"column":0},"end":{"line":24,"column":41}}},"fnMap":{"0":{"name":"sqlForPartialUpdate","decl":{"start":{"line":5,"column":9},"end":{"line":5,"column":28}},"loc":{"start":{"line":5,"column":52},"end":{"line":22,"column":1}},"line":5},"1":{"name":"(anonymous_1)","decl":{"start":{"line":12,"column":24},"end":{"line":12,"column":25}},"loc":{"start":{"line":13,"column":6},"end":{"line":13,"column":52}},"line":13}},"branchMap":{"0":{"loc":{"start":{"line":7,"column":2},"end":{"line":7,"column":62}},"type":"if","locations":[{"start":{"line":7,"column":2},"end":{"line":7,"column":62}},{"start":{},"end":{}}],"line":7},"1":{"loc":{"start":{"line":13,"column":10},"end":{"line":13,"column":37}},"type":"binary-expr","locations":[{"start":{"line":13,"column":10},"end":{"line":13,"column":26}},{"start":{"line":13,"column":30},"end":{"line":13,"column":37}}],"line":13}},"s":{"0":8,"1":18,"2":18,"3":3,"4":15,"5":31,"6":15,"7":8},"f":{"0":18,"1":31},"b":{"0":[3,15],"1":[31,12]},"_coverageSchema":"1a1c01bbd47fc00a2c39e90264f33305004495a9","hash":"4b4f90705411b5528ed5e37d2f517fe296a8f64e"}
,"C:\\Users\\aodon\\sbExercises\\express-jobly\\helpers\\tokens.js": {"path":"C:\\Users\\aodon\\sbExercises\\express-jobly\\helpers\\tokens.js","statementMap":{"0":{"start":{"line":1,"column":12},"end":{"line":1,"column":35}},"1":{"start":{"line":2,"column":23},"end":{"line":2,"column":43}},"2":{"start":{"line":7,"column":2},"end":{"line":8,"column":58}},"3":{"start":{"line":10,"column":16},"end":{"line":13,"column":3}},"4":{"start":{"line":15,"column":2},"end":{"line":15,"column":39}},"5":{"start":{"line":18,"column":0},"end":{"line":18,"column":33}}},"fnMap":{"0":{"name":"createToken","decl":{"start":{"line":6,"column":9},"end":{"line":6,"column":20}},"loc":{"start":{"line":6,"column":27},"end":{"line":16,"column":1}},"line":6}},"branchMap":{"0":{"loc":{"start":{"line":12,"column":13},"end":{"line":12,"column":34}},"type":"binary-expr","locations":[{"start":{"line":12,"column":13},"end":{"line":12,"column":25}},{"start":{"line":12,"column":29},"end":{"line":12,"column":34}}],"line":12}},"s":{"0":5,"1":5,"2":10,"3":10,"4":10,"5":5},"f":{"0":10},"b":{"0":[10,5]},"_coverageSchema":"1a1c01bbd47fc00a2c39e90264f33305004495a9","hash":"d4d1d22f32b38ec362805a608932936b25c519bb"}
,"C:\\Users\\aodon\\sbExercises\\express-jobly\\middleware\\auth.js": {"path":"C:\\Users\\aodon\\sbExercises\\express-jobly\\middleware\\auth.js","statementMap":{"0":{"start":{"line":5,"column":12},"end":{"line":5,"column":35}},"1":{"start":{"line":6,"column":23},"end":{"line":6,"column":43}},"2":{"start":{"line":7,"column":30},"end":{"line":7,"column":56}},"3":{"start":{"line":19,"column":2},"end":{"line":28,"column":3}},"4":{"start":{"line":20,"column":23},"end":{"line":20,"column":63}},"5":{"start":{"line":21,"column":4},"end":{"line":24,"column":5}},"6":{"start":{"line":22,"column":20},"end":{"line":22,"column":64}},"7":{"start":{"line":23,"column":6},"end":{"line":23,"column":54}},"8":{"start":{"line":25,"column":4},"end":{"line":25,"column":18}},"9":{"start":{"line":27,"column":4},"end":{"line":27,"column":18}},"10":{"start":{"line":37,"column":2},"end":{"line":42,"column":3}},"11":{"start":{"line":38,"column":4},"end":{"line":38,"column":56}},"12":{"start":{"line":38,"column":26},"end":{"line":38,"column":56}},"13":{"start":{"line":39,"column":4},"end":{"line":39,"column":18}},"14":{"start":{"line":41,"column":4},"end":{"line":41,"column":21}},"15":{"start":{"line":48,"column":2},"end":{"line":48,"column":38}},"16":{"start":{"line":49,"column":2},"end":{"line":54,"column":3}},"17":{"start":{"line":50,"column":4},"end":{"line":50,"column":63}},"18":{"start":{"line":50,"column":33},"end":{"line":50,"column":63}},"19":{"start":{"line":51,"column":4},"end":{"line":51,"column":17}},"20":{"start":{"line":53,"column":4},"end":{"line":53,"column":20}},"21":{"start":{"line":59,"column":2},"end":{"line":66,"column":3}},"22":{"start":{"line":60,"column":21},"end":{"line":60,"column":40}},"23":{"start":{"line":61,"column":17},"end":{"line":61,"column":32}},"24":{"start":{"line":62,"column":4},"end":{"line":62,"column":100}},"25":{"start":{"line":62,"column":53},"end":{"line":62,"column":100}},"26":{"start":{"line":63,"column":4},"end":{"line":63,"column":17}},"27":{"start":{"line":65,"column":6},"end":{"line":65,"column":15}},"28":{"start":{"line":69,"column":0},"end":{"line":74,"column":2}}},"fnMap":{"0":{"name":"authenticateJWT","decl":{"start":{"line":18,"column":9},"end":{"line":18,"column":24}},"loc":{"start":{"line":18,"column":41},"end":{"line":29,"column":1}},"line":18},"1":{"name":"ensureLoggedIn","decl":{"start":{"line":36,"column":9},"end":{"line":36,"column":23}},"loc":{"start":{"line":36,"column":40},"end":{"line":43,"column":1}},"line":36},"2":{"name":"checkAdmin","decl":{"start":{"line":47,"column":9},"end":{"line":47,"column":19}},"loc":{"start":{"line":47,"column":36},"end":{"line":55,"column":1}},"line":47},"3":{"name":"isAdminOrSelf","decl":{"start":{"line":58,"column":9},"end":{"line":58,"column":22}},"loc":{"start":{"line":58,"column":39},"end":{"line":67,"column":1}},"line":58}},"branchMap":{"0":{"loc":{"start":{"line":20,"column":23},"end":{"line":20,"column":63}},"type":"binary-expr","locations":[{"start":{"line":20,"column":23},"end":{"line":20,"column":34}},{"start":{"line":20,"column":38},"end":{"line":20,"column":63}}],"line":20},"1":{"loc":{"start":{"line":21,"column":4},"end":{"line":24,"column":5}},"type":"if","locations":[{"start":{"line":21,"column":4},"end":{"line":24,"column":5}},{"start":{},"end":{}}],"line":21},"2":{"loc":{"start":{"line":38,"column":4},"end":{"line":38,"column":56}},"type":"if","locations":[{"start":{"line":38,"column":4},"end":{"line":38,"column":56}},{"start":{},"end":{}}],"line":38},"3":{"loc":{"start":{"line":50,"column":4},"end":{"line":50,"column":63}},"type":"if","locations":[{"start":{"line":50,"column":4},"end":{"line":50,"column":63}},{"start":{},"end":{}}],"line":50},"4":{"loc":{"start":{"line":62,"column":4},"end":{"line":62,"column":100}},"type":"if","locations":[{"start":{"line":62,"column":4},"end":{"line":62,"column":100}},{"start":{},"end":{}}],"line":62},"5":{"loc":{"start":{"line":62,"column":9},"end":{"line":62,"column":50}},"type":"binary-expr","locations":[{"start":{"line":62,"column":9},"end":{"line":62,"column":21}},{"start":{"line":62,"column":25},"end":{"line":62,"column":50}}],"line":62}},"s":{"0":5,"1":5,"2":5,"3":48,"4":48,"5":48,"6":26,"7":26,"8":47,"9":1,"10":32,"11":32,"12":8,"13":24,"14":8,"15":15,"16":15,"17":15,"18":0,"19":15,"20":0,"21":8,"22":8,"23":8,"24":8,"25":0,"26":8,"27":0,"28":5},"f":{"0":48,"1":32,"2":15,"3":8},"b":{"0":[48,47],"1":[26,22],"2":[8,24],"3":[0,15],"4":[0,8],"5":[8,0]},"_coverageSchema":"1a1c01bbd47fc00a2c39e90264f33305004495a9","hash":"7328884f6036354311d2c508e78538120ddcf337"}
,"C:\\Users\\aodon\\sbExercises\\express-jobly\\models\\_testCommon.js": {"path":"C:\\Users\\aodon\\sbExercises\\express-jobly\\models\\_testCommon.js","statementMap":{"0":{"start":{"line":1,"column":15},"end":{"line":1,"column":32}},"1":{"start":{"line":3,"column":11},"end":{"line":3,"column":30}},"2":{"start":{"line":4,"column":31},"end":{"line":4,"column":51}},"3":{"start":{"line":8,"column":2},"end":{"line":8,"column":42}},"4":{"start":{"line":10,"column":2},"end":{"line":10,"column":38}},"5":{"start":{"line":12,"column":2},"end":{"line":12,"column":36}},"6":{"start":{"line":14,"column":2},"end":{"line":19,"column":55}},"7":{"start":{"line":21,"column":2},"end":{"line":26,"column":5}},"8":{"start":{"line":29,"column":2},"end":{"line":41,"column":9}},"9":{"start":{"line":45,"column":2},"end":{"line":45,"column":26}},"10":{"start":{"line":49,"column":2},"end":{"line":49,"column":29}},"11":{"start":{"line":53,"column":2},"end":{"line":53,"column":17}},"12":{"start":{"line":57,"column":0},"end":{"line":62,"column":2}}},"fnMap":{"0":{"name":"commonBeforeAll","decl":{"start":{"line":6,"column":15},"end":{"line":6,"column":30}},"loc":{"start":{"line":6,"column":33},"end":{"line":42,"column":1}},"line":6},"1":{"name":"commonBeforeEach","decl":{"start":{"line":44,"column":15},"end":{"line":44,"column":31}},"loc":{"start":{"line":44,"column":34},"end":{"line":46,"column":1}},"line":44},"2":{"name":"commonAfterEach","decl":{"start":{"line":48,"column":15},"end":{"line":48,"column":30}},"loc":{"start":{"line":48,"column":33},"end":{"line":50,"column":1}},"line":48},"3":{"name":"commonAfterAll","decl":{"start":{"line":52,"column":15},"end":{"line":52,"column":29}},"loc":{"start":{"line":52,"column":32},"end":{"line":54,"column":1}},"line":52}},"branchMap":{},"s":{"0":3,"1":3,"2":3,"3":3,"4":3,"5":3,"6":3,"7":3,"8":3,"9":41,"10":41,"11":3,"12":3},"f":{"0":3,"1":41,"2":41,"3":3},"b":{},"_coverageSchema":"1a1c01bbd47fc00a2c39e90264f33305004495a9","hash":"e66d7c5bcd767ab8406c54a6b8409c8029c9afa6"}
,"C:\\Users\\aodon\\sbExercises\\express-jobly\\models\\company.js": {"path":"C:\\Users\\aodon\\sbExercises\\express-jobly\\models\\company.js","statementMap":{"0":{"start":{"line":3,"column":11},"end":{"line":3,"column":27}},"1":{"start":{"line":4,"column":43},"end":{"line":4,"column":69}},"2":{"start":{"line":5,"column":32},"end":{"line":5,"column":57}},"3":{"start":{"line":6,"column":32},"end":{"line":6,"column":66}},"4":{"start":{"line":21,"column":27},"end":{"line":25,"column":17}},"5":{"start":{"line":27,"column":4},"end":{"line":28,"column":64}},"6":{"start":{"line":28,"column":6},"end":{"line":28,"column":64}},"7":{"start":{"line":30,"column":19},"end":{"line":42,"column":5}},"8":{"start":{"line":43,"column":20},"end":{"line":43,"column":34}},"9":{"start":{"line":45,"column":4},"end":{"line":45,"column":19}},"10":{"start":{"line":54,"column":25},"end":{"line":61,"column":26}},"11":{"start":{"line":62,"column":4},"end":{"line":62,"column":29}},"12":{"start":{"line":71,"column":34},"end":{"line":71,"column":63}},"13":{"start":{"line":72,"column":22},"end":{"line":72,"column":57}},"14":{"start":{"line":73,"column":4},"end":{"line":73,"column":25}},"15":{"start":{"line":85,"column":23},"end":{"line":93,"column":17}},"16":{"start":{"line":94,"column":20},"end":{"line":102,"column":16}},"17":{"start":{"line":104,"column":20},"end":{"line":104,"column":38}},"18":{"start":{"line":105,"column":4},"end":{"line":105,"column":72}},"19":{"start":{"line":105,"column":18},"end":{"line":105,"column":72}},"20":{"start":{"line":106,"column":17},"end":{"line":106,"column":29}},"21":{"start":{"line":107,"column":4},"end":{"line":107,"column":23}},"22":{"start":{"line":110,"column":4},"end":{"line":110,"column":19}},"23":{"start":{"line":126,"column":32},"end":{"line":131,"column":10}},"24":{"start":{"line":132,"column":25},"end":{"line":132,"column":50}},"25":{"start":{"line":134,"column":21},"end":{"line":141,"column":54}},"26":{"start":{"line":142,"column":19},"end":{"line":142,"column":64}},"27":{"start":{"line":143,"column":20},"end":{"line":143,"column":34}},"28":{"start":{"line":145,"column":4},"end":{"line":145,"column":67}},"29":{"start":{"line":145,"column":18},"end":{"line":145,"column":67}},"30":{"start":{"line":147,"column":4},"end":{"line":147,"column":19}},"31":{"start":{"line":156,"column":19},"end":{"line":161,"column":17}},"32":{"start":{"line":162,"column":20},"end":{"line":162,"column":34}},"33":{"start":{"line":164,"column":4},"end":{"line":164,"column":67}},"34":{"start":{"line":164,"column":18},"end":{"line":164,"column":67}},"35":{"start":{"line":169,"column":0},"end":{"line":169,"column":25}}},"fnMap":{"0":{"name":"(anonymous_0)","decl":{"start":{"line":20,"column":2},"end":{"line":20,"column":3}},"loc":{"start":{"line":20,"column":76},"end":{"line":46,"column":3}},"line":20},"1":{"name":"(anonymous_1)","decl":{"start":{"line":53,"column":2},"end":{"line":53,"column":3}},"loc":{"start":{"line":53,"column":25},"end":{"line":63,"column":3}},"line":53},"2":{"name":"(anonymous_2)","decl":{"start":{"line":69,"column":2},"end":{"line":69,"column":3}},"loc":{"start":{"line":69,"column":32},"end":{"line":74,"column":3}},"line":69},"3":{"name":"(anonymous_3)","decl":{"start":{"line":84,"column":2},"end":{"line":84,"column":3}},"loc":{"start":{"line":84,"column":27},"end":{"line":111,"column":3}},"line":84},"4":{"name":"(anonymous_4)","decl":{"start":{"line":125,"column":2},"end":{"line":125,"column":3}},"loc":{"start":{"line":125,"column":36},"end":{"line":148,"column":3}},"line":125},"5":{"name":"(anonymous_5)","decl":{"start":{"line":155,"column":2},"end":{"line":155,"column":3}},"loc":{"start":{"line":155,"column":30},"end":{"line":165,"column":3}},"line":155}},"branchMap":{"0":{"loc":{"start":{"line":27,"column":4},"end":{"line":28,"column":64}},"type":"if","locations":[{"start":{"line":27,"column":4},"end":{"line":28,"column":64}},{"start":{},"end":{}}],"line":27},"1":{"loc":{"start":{"line":105,"column":4},"end":{"line":105,"column":72}},"type":"if","locations":[{"start":{"line":105,"column":4},"end":{"line":105,"column":72}},{"start":{},"end":{}}],"line":105},"2":{"loc":{"start":{"line":145,"column":4},"end":{"line":145,"column":67}},"type":"if","locations":[{"start":{"line":145,"column":4},"end":{"line":145,"column":67}},{"start":{},"end":{}}],"line":145},"3":{"loc":{"start":{"line":164,"column":4},"end":{"line":164,"column":67}},"type":"if","locations":[{"start":{"line":164,"column":4},"end":{"line":164,"column":67}},{"start":{},"end":{}}],"line":164}},"s":{"0":5,"1":5,"2":5,"3":5,"4":13,"5":13,"6":1,"7":12,"8":12,"9":12,"10":3,"11":2,"12":3,"13":3,"14":3,"15":5,"16":5,"17":5,"18":5,"19":2,"20":3,"21":3,"22":3,"23":6,"24":5,"25":5,"26":5,"27":5,"28":5,"29":2,"30":3,"31":4,"32":4,"33":4,"34":2,"35":5},"f":{"0":13,"1":3,"2":3,"3":5,"4":6,"5":4},"b":{"0":[1,12],"1":[2,3],"2":[2,3],"3":[2,2]},"_coverageSchema":"1a1c01bbd47fc00a2c39e90264f33305004495a9","hash":"9a3952adc7e1a9cdb9d5848f8696c01044dbfd65"}
,"C:\\Users\\aodon\\sbExercises\\express-jobly\\models\\job.js": {"path":"C:\\Users\\aodon\\sbExercises\\express-jobly\\models\\job.js","statementMap":{"0":{"start":{"line":3,"column":11},"end":{"line":3,"column":27}},"1":{"start":{"line":4,"column":43},"end":{"line":4,"column":69}},"2":{"start":{"line":5,"column":32},"end":{"line":5,"column":57}},"3":{"start":{"line":6,"column":28},"end":{"line":6,"column":62}},"4":{"start":{"line":28,"column":19},"end":{"line":39,"column":5}},"5":{"start":{"line":40,"column":16},"end":{"line":40,"column":30}},"6":{"start":{"line":41,"column":4},"end":{"line":41,"column":35}},"7":{"start":{"line":42,"column":4},"end":{"line":42,"column":15}},"8":{"start":{"line":51,"column":20},"end":{"line":57,"column":24}},"9":{"start":{"line":58,"column":4},"end":{"line":58,"column":24}},"10":{"start":{"line":66,"column":34},"end":{"line":66,"column":59}},"11":{"start":{"line":67,"column":17},"end":{"line":67,"column":52}},"12":{"start":{"line":68,"column":4},"end":{"line":68,"column":20}},"13":{"start":{"line":80,"column":19},"end":{"line":87,"column":13}},"14":{"start":{"line":89,"column":16},"end":{"line":89,"column":30}},"15":{"start":{"line":91,"column":4},"end":{"line":91,"column":55}},"16":{"start":{"line":91,"column":14},"end":{"line":91,"column":55}},"17":{"start":{"line":93,"column":4},"end":{"line":93,"column":15}},"18":{"start":{"line":109,"column":32},"end":{"line":114,"column":10}},"19":{"start":{"line":115,"column":25},"end":{"line":115,"column":50}},"20":{"start":{"line":117,"column":21},"end":{"line":125,"column":33}},"21":{"start":{"line":126,"column":19},"end":{"line":126,"column":60}},"22":{"start":{"line":127,"column":16},"end":{"line":127,"column":30}},"23":{"start":{"line":129,"column":4},"end":{"line":129,"column":55}},"24":{"start":{"line":129,"column":14},"end":{"line":129,"column":55}},"25":{"start":{"line":131,"column":4},"end":{"line":131,"column":15}},"26":{"start":{"line":140,"column":19},"end":{"line":145,"column":13}},"27":{"start":{"line":146,"column":16},"end":{"line":146,"column":30}},"28":{"start":{"line":148,"column":4},"end":{"line":148,"column":55}},"29":{"start":{"line":148,"column":14},"end":{"line":148,"column":55}},"30":{"start":{"line":153,"column":0},"end":{"line":153,"column":21}}},"fnMap":{"0":{"name":"(anonymous_0)","decl":{"start":{"line":27,"column":2},"end":{"line":27,"column":3}},"loc":{"start":{"line":27,"column":63},"end":{"line":43,"column":3}},"line":27},"1":{"name":"(anonymous_1)","decl":{"start":{"line":50,"column":2},"end":{"line":50,"column":3}},"loc":{"start":{"line":50,"column":25},"end":{"line":59,"column":3}},"line":50},"2":{"name":"(anonymous_2)","decl":{"start":{"line":65,"column":2},"end":{"line":65,"column":3}},"loc":{"start":{"line":65,"column":32},"end":{"line":69,"column":3}},"line":65},"3":{"name":"(anonymous_3)","decl":{"start":{"line":79,"column":2},"end":{"line":79,"column":3}},"loc":{"start":{"line":79,"column":23},"end":{"line":94,"column":3}},"line":79},"4":{"name":"(anonymous_4)","decl":{"start":{"line":108,"column":2},"end":{"line":108,"column":3}},"loc":{"start":{"line":108,"column":32},"end":{"line":132,"column":3}},"line":108},"5":{"name":"(anonymous_5)","decl":{"start":{"line":139,"column":2},"end":{"line":139,"column":3}},"loc":{"start":{"line":139,"column":26},"end":{"line":149,"column":3}},"line":139}},"branchMap":{"0":{"loc":{"start":{"line":91,"column":4},"end":{"line":91,"column":55}},"type":"if","locations":[{"start":{"line":91,"column":4},"end":{"line":91,"column":55}},{"start":{},"end":{}}],"line":91},"1":{"loc":{"start":{"line":129,"column":4},"end":{"line":129,"column":55}},"type":"if","locations":[{"start":{"line":129,"column":4},"end":{"line":129,"column":55}},{"start":{},"end":{}}],"line":129},"2":{"loc":{"start":{"line":148,"column":4},"end":{"line":148,"column":55}},"type":"if","locations":[{"start":{"line":148,"column":4},"end":{"line":148,"column":55}},{"start":{},"end":{}}],"line":148}},"s":{"0":5,"1":5,"2":5,"3":5,"4":1,"5":1,"6":1,"7":1,"8":1,"9":1,"10":3,"11":3,"12":3,"13":2,"14":2,"15":2,"16":1,"17":1,"18":3,"19":2,"20":2,"21":2,"22":2,"23":2,"24":1,"25":1,"26":2,"27":2,"28":2,"29":1,"30":5},"f":{"0":1,"1":1,"2":3,"3":2,"4":3,"5":2},"b":{"0":[1,1],"1":[1,1],"2":[1,1]},"_coverageSchema":"1a1c01bbd47fc00a2c39e90264f33305004495a9","hash":"b4404417377fc8d06c35e2240dd34b18df51a580"}
,"C:\\Users\\aodon\\sbExercises\\express-jobly\\models\\user.js": {"path":"C:\\Users\\aodon\\sbExercises\\express-jobly\\models\\user.js","statementMap":{"0":{"start":{"line":3,"column":11},"end":{"line":3,"column":27}},"1":{"start":{"line":4,"column":15},"end":{"line":4,"column":32}},"2":{"start":{"line":5,"column":32},"end":{"line":5,"column":57}},"3":{"start":{"line":10,"column":4},"end":{"line":10,"column":30}},"4":{"start":{"line":12,"column":31},"end":{"line":12,"column":54}},"5":{"start":{"line":26,"column":19},"end":{"line":36,"column":5}},"6":{"start":{"line":38,"column":17},"end":{"line":38,"column":31}},"7":{"start":{"line":40,"column":4},"end":{"line":47,"column":5}},"8":{"start":{"line":42,"column":22},"end":{"line":42,"column":67}},"9":{"start":{"line":43,"column":6},"end":{"line":46,"column":7}},"10":{"start":{"line":44,"column":8},"end":{"line":44,"column":29}},"11":{"start":{"line":45,"column":8},"end":{"line":45,"column":20}},"12":{"start":{"line":49,"column":4},"end":{"line":49,"column":61}},"13":{"start":{"line":61,"column":27},"end":{"line":66,"column":5}},"14":{"start":{"line":68,"column":4},"end":{"line":70,"column":5}},"15":{"start":{"line":69,"column":6},"end":{"line":69,"column":67}},"16":{"start":{"line":72,"column":27},"end":{"line":72,"column":74}},"17":{"start":{"line":74,"column":19},"end":{"line":92,"column":5}},"18":{"start":{"line":94,"column":17},"end":{"line":94,"column":31}},"19":{"start":{"line":96,"column":4},"end":{"line":96,"column":16}},"20":{"start":{"line":105,"column":19},"end":{"line":113,"column":5}},"21":{"start":{"line":115,"column":4},"end":{"line":115,"column":23}},"22":{"start":{"line":127,"column":20},"end":{"line":136,"column":5}},"23":{"start":{"line":137,"column":20},"end":{"line":141,"column":18}},"24":{"start":{"line":143,"column":17},"end":{"line":143,"column":32}},"25":{"start":{"line":144,"column":4},"end":{"line":144,"column":63}},"26":{"start":{"line":144,"column":15},"end":{"line":144,"column":63}},"27":{"start":{"line":145,"column":23},"end":{"line":145,"column":53}},"28":{"start":{"line":145,"column":45},"end":{"line":145,"column":52}},"29":{"start":{"line":146,"column":4},"end":{"line":146,"column":27}},"30":{"start":{"line":150,"column":4},"end":{"line":150,"column":16}},"31":{"start":{"line":171,"column":4},"end":{"line":173,"column":5}},"32":{"start":{"line":172,"column":6},"end":{"line":172,"column":75}},"33":{"start":{"line":175,"column":32},"end":{"line":181,"column":10}},"34":{"start":{"line":182,"column":27},"end":{"line":182,"column":52}},"35":{"start":{"line":184,"column":21},"end":{"line":191,"column":54}},"36":{"start":{"line":192,"column":19},"end":{"line":192,"column":66}},"37":{"start":{"line":193,"column":17},"end":{"line":193,"column":31}},"38":{"start":{"line":195,"column":4},"end":{"line":195,"column":63}},"39":{"start":{"line":195,"column":15},"end":{"line":195,"column":63}},"40":{"start":{"line":197,"column":4},"end":{"line":197,"column":25}},"41":{"start":{"line":198,"column":4},"end":{"line":198,"column":16}},"42":{"start":{"line":202,"column":24},"end":{"line":205,"column":25}},"43":{"start":{"line":207,"column":4},"end":{"line":207,"column":90}},"44":{"start":{"line":207,"column":29},"end":{"line":207,"column":90}},"45":{"start":{"line":208,"column":4},"end":{"line":208,"column":30}},"46":{"start":{"line":214,"column":17},"end":{"line":220,"column":5}},"47":{"start":{"line":221,"column":17},"end":{"line":221,"column":31}},"48":{"start":{"line":223,"column":4},"end":{"line":223,"column":63}},"49":{"start":{"line":223,"column":15},"end":{"line":223,"column":63}},"50":{"start":{"line":228,"column":0},"end":{"line":228,"column":22}}},"fnMap":{"0":{"name":"(anonymous_0)","decl":{"start":{"line":24,"column":2},"end":{"line":24,"column":3}},"loc":{"start":{"line":24,"column":48},"end":{"line":50,"column":3}},"line":24},"1":{"name":"(anonymous_1)","decl":{"start":{"line":59,"column":2},"end":{"line":59,"column":3}},"loc":{"start":{"line":60,"column":67},"end":{"line":97,"column":3}},"line":60},"2":{"name":"(anonymous_2)","decl":{"start":{"line":104,"column":2},"end":{"line":104,"column":3}},"loc":{"start":{"line":104,"column":25},"end":{"line":116,"column":3}},"line":104},"3":{"name":"(anonymous_3)","decl":{"start":{"line":126,"column":2},"end":{"line":126,"column":3}},"loc":{"start":{"line":126,"column":29},"end":{"line":151,"column":3}},"line":126},"4":{"name":"(anonymous_4)","decl":{"start":{"line":145,"column":40},"end":{"line":145,"column":41}},"loc":{"start":{"line":145,"column":45},"end":{"line":145,"column":52}},"line":145},"5":{"name":"(anonymous_5)","decl":{"start":{"line":170,"column":2},"end":{"line":170,"column":3}},"loc":{"start":{"line":170,"column":38},"end":{"line":199,"column":3}},"line":170},"6":{"name":"(anonymous_6)","decl":{"start":{"line":201,"column":2},"end":{"line":201,"column":3}},"loc":{"start":{"line":201,"column":37},"end":{"line":209,"column":3}},"line":201},"7":{"name":"(anonymous_7)","decl":{"start":{"line":213,"column":2},"end":{"line":213,"column":3}},"loc":{"start":{"line":213,"column":32},"end":{"line":224,"column":3}},"line":213}},"branchMap":{"0":{"loc":{"start":{"line":40,"column":4},"end":{"line":47,"column":5}},"type":"if","locations":[{"start":{"line":40,"column":4},"end":{"line":47,"column":5}},{"start":{},"end":{}}],"line":40},"1":{"loc":{"start":{"line":43,"column":6},"end":{"line":46,"column":7}},"type":"if","locations":[{"start":{"line":43,"column":6},"end":{"line":46,"column":7}},{"start":{},"end":{}}],"line":43},"2":{"loc":{"start":{"line":68,"column":4},"end":{"line":70,"column":5}},"type":"if","locations":[{"start":{"line":68,"column":4},"end":{"line":70,"column":5}},{"start":{},"end":{}}],"line":68},"3":{"loc":{"start":{"line":144,"column":4},"end":{"line":144,"column":63}},"type":"if","locations":[{"start":{"line":144,"column":4},"end":{"line":144,"column":63}},{"start":{},"end":{}}],"line":144},"4":{"loc":{"start":{"line":171,"column":4},"end":{"line":173,"column":5}},"type":"if","locations":[{"start":{"line":171,"column":4},"end":{"line":173,"column":5}},{"start":{},"end":{}}],"line":171},"5":{"loc":{"start":{"line":195,"column":4},"end":{"line":195,"column":63}},"type":"if","locations":[{"start":{"line":195,"column":4},"end":{"line":195,"column":63}},{"start":{},"end":{}}],"line":195},"6":{"loc":{"start":{"line":207,"column":4},"end":{"line":207,"column":90}},"type":"if","locations":[{"start":{"line":207,"column":4},"end":{"line":207,"column":90}},{"start":{},"end":{}}],"line":207},"7":{"loc":{"start":{"line":223,"column":4},"end":{"line":223,"column":63}},"type":"if","locations":[{"start":{"line":223,"column":4},"end":{"line":223,"column":63}},{"start":{},"end":{}}],"line":223}},"s":{"0":5,"1":5,"2":5,"3":5,"4":5,"5":7,"6":7,"7":7,"8":4,"9":4,"10":3,"11":3,"12":4,"13":16,"14":16,"15":1,"16":15,"17":15,"18":15,"19":15,"20":3,"21":2,"22":4,"23":4,"24":4,"25":4,"26":2,"27":2,"28":0,"29":2,"30":2,"31":7,"32":2,"33":7,"34":6,"35":6,"36":6,"37":6,"38":6,"39":2,"40":4,"41":4,"42":0,"43":0,"44":0,"45":0,"46":4,"47":4,"48":4,"49":2,"50":5},"f":{"0":7,"1":16,"2":3,"3":4,"4":0,"5":7,"6":0,"7":4},"b":{"0":[4,3],"1":[3,1],"2":[1,15],"3":[2,2],"4":[2,5],"5":[2,4],"6":[0,0],"7":[2,2]},"_coverageSchema":"1a1c01bbd47fc00a2c39e90264f33305004495a9","hash":"4e62c1574c2ceea2c9a459f4dbe3a00ec0d59531"}
,"C:\\Users\\aodon\\sbExercises\\express-jobly\\routes\\_testCommon.js": {"path":"C:\\Users\\aodon\\sbExercises\\express-jobly\\routes\\_testCommon.js","statementMap":{"0":{"start":{"line":3,"column":11},"end":{"line":3,"column":30}},"1":{"start":{"line":4,"column":13},"end":{"line":4,"column":38}},"2":{"start":{"line":5,"column":16},"end":{"line":5,"column":44}},"3":{"start":{"line":6,"column":24},"end":{"line":6,"column":52}},"4":{"start":{"line":10,"column":2},"end":{"line":10,"column":38}},"5":{"start":{"line":12,"column":2},"end":{"line":12,"column":42}},"6":{"start":{"line":14,"column":2},"end":{"line":21,"column":9}},"7":{"start":{"line":22,"column":2},"end":{"line":29,"column":9}},"8":{"start":{"line":30,"column":2},"end":{"line":37,"column":9}},"9":{"start":{"line":39,"column":2},"end":{"line":46,"column":5}},"10":{"start":{"line":47,"column":2},"end":{"line":54,"column":5}},"11":{"start":{"line":55,"column":2},"end":{"line":62,"column":5}},"12":{"start":{"line":66,"column":2},"end":{"line":66,"column":26}},"13":{"start":{"line":70,"column":2},"end":{"line":70,"column":29}},"14":{"start":{"line":74,"column":2},"end":{"line":74,"column":17}},"15":{"start":{"line":78,"column":16},"end":{"line":78,"column":62}},"16":{"start":{"line":81,"column":0},"end":{"line":87,"column":2}}},"fnMap":{"0":{"name":"commonBeforeAll","decl":{"start":{"line":8,"column":15},"end":{"line":8,"column":30}},"loc":{"start":{"line":8,"column":33},"end":{"line":63,"column":1}},"line":8},"1":{"name":"commonBeforeEach","decl":{"start":{"line":65,"column":15},"end":{"line":65,"column":31}},"loc":{"start":{"line":65,"column":34},"end":{"line":67,"column":1}},"line":65},"2":{"name":"commonAfterEach","decl":{"start":{"line":69,"column":15},"end":{"line":69,"column":30}},"loc":{"start":{"line":69,"column":33},"end":{"line":71,"column":1}},"line":69},"3":{"name":"commonAfterAll","decl":{"start":{"line":73,"column":15},"end":{"line":73,"column":29}},"loc":{"start":{"line":73,"column":32},"end":{"line":75,"column":1}},"line":73}},"branchMap":{},"s":{"0":3,"1":3,"2":3,"3":3,"4":3,"5":3,"6":3,"7":3,"8":3,"9":3,"10":3,"11":3,"12":43,"13":43,"14":3,"15":3,"16":3},"f":{"0":3,"1":43,"2":43,"3":3},"b":{},"_coverageSchema":"1a1c01bbd47fc00a2c39e90264f33305004495a9","hash":"41b7fe8c5ee835f09001e6c7146d5be51a5108bb"}
,"C:\\Users\\aodon\\sbExercises\\express-jobly\\routes\\auth.js": {"path":"C:\\Users\\aodon\\sbExercises\\express-jobly\\routes\\auth.js","statementMap":{"0":{"start":{"line":5,"column":19},"end":{"line":5,"column":40}},"1":{"start":{"line":7,"column":13},"end":{"line":7,"column":38}},"2":{"start":{"line":8,"column":16},"end":{"line":8,"column":34}},"3":{"start":{"line":9,"column":15},"end":{"line":9,"column":35}},"4":{"start":{"line":10,"column":24},"end":{"line":10,"column":52}},"5":{"start":{"line":11,"column":23},"end":{"line":11,"column":58}},"6":{"start":{"line":12,"column":27},"end":{"line":12,"column":66}},"7":{"start":{"line":13,"column":28},"end":{"line":13,"column":54}},"8":{"start":{"line":22,"column":0},"end":{"line":37,"column":3}},"9":{"start":{"line":23,"column":2},"end":{"line":36,"column":3}},"10":{"start":{"line":24,"column":22},"end":{"line":24,"column":67}},"11":{"start":{"line":25,"column":4},"end":{"line":28,"column":5}},"12":{"start":{"line":26,"column":19},"end":{"line":26,"column":53}},"13":{"start":{"line":26,"column":45},"end":{"line":26,"column":52}},"14":{"start":{"line":27,"column":6},"end":{"line":27,"column":38}},"15":{"start":{"line":30,"column":35},"end":{"line":30,"column":43}},"16":{"start":{"line":31,"column":17},"end":{"line":31,"column":60}},"17":{"start":{"line":32,"column":18},"end":{"line":32,"column":35}},"18":{"start":{"line":33,"column":4},"end":{"line":33,"column":31}},"19":{"start":{"line":35,"column":4},"end":{"line":35,"column":21}},"20":{"start":{"line":49,"column":0},"end":{"line":63,"column":3}},"21":{"start":{"line":50,"column":2},"end":{"line":62,"column":3}},"22":{"start":{"line":51,"column":22},"end":{"line":51,"column":71}},"23":{"start":{"line":52,"column":4},"end":{"line":55,"column":5}},"24":{"start":{"line":53,"column":19},"end":{"line":53,"column":53}},"25":{"start":{"line":53,"column":45},"end":{"line":53,"column":52}},"26":{"start":{"line":54,"column":6},"end":{"line":54,"column":38}},"27":{"start":{"line":57,"column":20},"end":{"line":57,"column":72}},"28":{"start":{"line":58,"column":18},"end":{"line":58,"column":38}},"29":{"start":{"line":59,"column":4},"end":{"line":59,"column":43}},"30":{"start":{"line":61,"column":4},"end":{"line":61,"column":21}},"31":{"start":{"line":66,"column":0},"end":{"line":66,"column":24}}},"fnMap":{"0":{"name":"(anonymous_0)","decl":{"start":{"line":22,"column":22},"end":{"line":22,"column":23}},"loc":{"start":{"line":22,"column":54},"end":{"line":37,"column":1}},"line":22},"1":{"name":"(anonymous_1)","decl":{"start":{"line":26,"column":40},"end":{"line":26,"column":41}},"loc":{"start":{"line":26,"column":45},"end":{"line":26,"column":52}},"line":26},"2":{"name":"(anonymous_2)","decl":{"start":{"line":49,"column":25},"end":{"line":49,"column":26}},"loc":{"start":{"line":49,"column":57},"end":{"line":63,"column":1}},"line":49},"3":{"name":"(anonymous_3)","decl":{"start":{"line":53,"column":40},"end":{"line":53,"column":41}},"loc":{"start":{"line":53,"column":45},"end":{"line":53,"column":52}},"line":53}},"branchMap":{"0":{"loc":{"start":{"line":25,"column":4},"end":{"line":28,"column":5}},"type":"if","locations":[{"start":{"line":25,"column":4},"end":{"line":28,"column":5}},{"start":{},"end":{}}],"line":25},"1":{"loc":{"start":{"line":52,"column":4},"end":{"line":55,"column":5}},"type":"if","locations":[{"start":{"line":52,"column":4},"end":{"line":55,"column":5}},{"start":{},"end":{}}],"line":52}},"s":{"0":4,"1":4,"2":4,"3":4,"4":4,"5":4,"6":4,"7":4,"8":4,"9":5,"10":5,"11":5,"12":2,"13":2,"14":2,"15":3,"16":3,"17":1,"18":1,"19":4,"20":4,"21":3,"22":3,"23":3,"24":2,"25":5,"26":2,"27":1,"28":1,"29":1,"30":2,"31":4},"f":{"0":5,"1":2,"2":3,"3":5},"b":{"0":[2,3],"1":[2,1]},"_coverageSchema":"1a1c01bbd47fc00a2c39e90264f33305004495a9","hash":"132061f40cae1751a0d5f801c9f83b6cf35ba119"}
,"C:\\Users\\aodon\\sbExercises\\express-jobly\\routes\\companies.js": {"path":"C:\\Users\\aodon\\sbExercises\\express-jobly\\routes\\companies.js","statementMap":{"0":{"start":{"line":5,"column":19},"end":{"line":5,"column":40}},"1":{"start":{"line":6,"column":16},"end":{"line":6,"column":34}},"2":{"start":{"line":8,"column":42},"end":{"line":8,"column":68}},"3":{"start":{"line":9,"column":39},"end":{"line":9,"column":68}},"4":{"start":{"line":10,"column":16},"end":{"line":10,"column":44}},"5":{"start":{"line":12,"column":25},"end":{"line":12,"column":62}},"6":{"start":{"line":13,"column":28},"end":{"line":13,"column":68}},"7":{"start":{"line":15,"column":15},"end":{"line":15,"column":35}},"8":{"start":{"line":27,"column":0},"end":{"line":40,"column":3}},"9":{"start":{"line":28,"column":2},"end":{"line":39,"column":3}},"10":{"start":{"line":29,"column":22},"end":{"line":29,"column":69}},"11":{"start":{"line":30,"column":4},"end":{"line":33,"column":5}},"12":{"start":{"line":31,"column":19},"end":{"line":31,"column":53}},"13":{"start":{"line":31,"column":45},"end":{"line":31,"column":52}},"14":{"start":{"line":32,"column":6},"end":{"line":32,"column":38}},"15":{"start":{"line":35,"column":20},"end":{"line":35,"column":50}},"16":{"start":{"line":36,"column":4},"end":{"line":36,"column":45}},"17":{"start":{"line":38,"column":4},"end":{"line":38,"column":21}},"18":{"start":{"line":53,"column":0},"end":{"line":72,"column":3}},"19":{"start":{"line":54,"column":2},"end":{"line":65,"column":3}},"20":{"start":{"line":55,"column":29},"end":{"line":55,"column":38}},"21":{"start":{"line":56,"column":4},"end":{"line":56,"column":68}},"22":{"start":{"line":56,"column":16},"end":{"line":56,"column":68}},"23":{"start":{"line":57,"column":4},"end":{"line":64,"column":5}},"24":{"start":{"line":58,"column":6},"end":{"line":58,"column":42}},"25":{"start":{"line":59,"column":21},"end":{"line":59,"column":59}},"26":{"start":{"line":60,"column":6},"end":{"line":60,"column":40}},"27":{"start":{"line":63,"column":6},"end":{"line":63,"column":22}},"28":{"start":{"line":66,"column":2},"end":{"line":71,"column":3}},"29":{"start":{"line":67,"column":22},"end":{"line":67,"column":45}},"30":{"start":{"line":68,"column":4},"end":{"line":68,"column":35}},"31":{"start":{"line":70,"column":4},"end":{"line":70,"column":21}},"32":{"start":{"line":82,"column":0},"end":{"line":89,"column":3}},"33":{"start":{"line":83,"column":2},"end":{"line":88,"column":3}},"34":{"start":{"line":84,"column":20},"end":{"line":84,"column":56}},"35":{"start":{"line":85,"column":4},"end":{"line":85,"column":33}},"36":{"start":{"line":87,"column":4},"end":{"line":87,"column":21}},"37":{"start":{"line":102,"column":0},"end":{"line":115,"column":3}},"38":{"start":{"line":103,"column":2},"end":{"line":114,"column":3}},"39":{"start":{"line":104,"column":22},"end":{"line":104,"column":72}},"40":{"start":{"line":105,"column":4},"end":{"line":108,"column":5}},"41":{"start":{"line":106,"column":19},"end":{"line":106,"column":53}},"42":{"start":{"line":106,"column":45},"end":{"line":106,"column":52}},"43":{"start":{"line":107,"column":6},"end":{"line":107,"column":38}},"44":{"start":{"line":110,"column":20},"end":{"line":110,"column":69}},"45":{"start":{"line":111,"column":4},"end":{"line":111,"column":33}},"46":{"start":{"line":113,"column":4},"end":{"line":113,"column":21}},"47":{"start":{"line":122,"column":0},"end":{"line":129,"column":3}},"48":{"start":{"line":123,"column":2},"end":{"line":128,"column":3}},"49":{"start":{"line":124,"column":4},"end":{"line":124,"column":44}},"50":{"start":{"line":125,"column":4},"end":{"line":125,"column":52}},"51":{"start":{"line":127,"column":4},"end":{"line":127,"column":21}},"52":{"start":{"line":132,"column":0},"end":{"line":132,"column":24}}},"fnMap":{"0":{"name":"(anonymous_0)","decl":{"start":{"line":27,"column":45},"end":{"line":27,"column":46}},"loc":{"start":{"line":27,"column":77},"end":{"line":40,"column":1}},"line":27},"1":{"name":"(anonymous_1)","decl":{"start":{"line":31,"column":40},"end":{"line":31,"column":41}},"loc":{"start":{"line":31,"column":45},"end":{"line":31,"column":52}},"line":31},"2":{"name":"(anonymous_2)","decl":{"start":{"line":53,"column":16},"end":{"line":53,"column":17}},"loc":{"start":{"line":53,"column":48},"end":{"line":72,"column":1}},"line":53},"3":{"name":"(anonymous_3)","decl":{"start":{"line":82,"column":23},"end":{"line":82,"column":24}},"loc":{"start":{"line":82,"column":55},"end":{"line":89,"column":1}},"line":82},"4":{"name":"(anonymous_4)","decl":{"start":{"line":102,"column":53},"end":{"line":102,"column":54}},"loc":{"start":{"line":102,"column":85},"end":{"line":115,"column":1}},"line":102},"5":{"name":"(anonymous_5)","decl":{"start":{"line":106,"column":40},"end":{"line":106,"column":41}},"loc":{"start":{"line":106,"column":45},"end":{"line":106,"column":52}},"line":106},"6":{"name":"(anonymous_6)","decl":{"start":{"line":122,"column":54},"end":{"line":122,"column":55}},"loc":{"start":{"line":122,"column":86},"end":{"line":129,"column":1}},"line":122}},"branchMap":{"0":{"loc":{"start":{"line":30,"column":4},"end":{"line":33,"column":5}},"type":"if","locations":[{"start":{"line":30,"column":4},"end":{"line":33,"column":5}},{"start":{},"end":{}}],"line":30},"1":{"loc":{"start":{"line":54,"column":2},"end":{"line":65,"column":3}},"type":"if","locations":[{"start":{"line":54,"column":2},"end":{"line":65,"column":3}},{"start":{},"end":{}}],"line":54},"2":{"loc":{"start":{"line":56,"column":4},"end":{"line":56,"column":68}},"type":"if","locations":[{"start":{"line":56,"column":4},"end":{"line":56,"column":68}},{"start":{},"end":{}}],"line":56},"3":{"loc":{"start":{"line":105,"column":4},"end":{"line":108,"column":5}},"type":"if","locations":[{"start":{"line":105,"column":4},"end":{"line":108,"column":5}},{"start":{},"end":{}}],"line":105}},"s":{"0":4,"1":4,"2":4,"3":4,"4":4,"5":4,"6":4,"7":4,"8":4,"9":3,"10":3,"11":3,"12":2,"13":3,"14":2,"15":1,"16":1,"17":2,"18":4,"19":2,"20":0,"21":0,"22":0,"23":0,"24":0,"25":0,"26":0,"27":0,"28":2,"29":2,"30":1,"31":1,"32":4,"33":3,"34":3,"35":2,"36":1,"37":4,"38":4,"39":4,"40":4,"41":2,"42":2,"43":2,"44":2,"45":1,"46":3,"47":4,"48":2,"49":2,"50":1,"51":1,"52":4},"f":{"0":3,"1":3,"2":2,"3":3,"4":4,"5":2,"6":2},"b":{"0":[2,1],"1":[0,2],"2":[0,0],"3":[2,2]},"_coverageSchema":"1a1c01bbd47fc00a2c39e90264f33305004495a9","hash":"ad41f7b3a3adda5bbf986d5957e6fb36dc832986"}
,"C:\\Users\\aodon\\sbExercises\\express-jobly\\routes\\jobs.js": {"path":"C:\\Users\\aodon\\sbExercises\\express-jobly\\routes\\jobs.js","statementMap":{"0":{"start":{"line":5,"column":19},"end":{"line":5,"column":40}},"1":{"start":{"line":6,"column":16},"end":{"line":6,"column":34}},"2":{"start":{"line":8,"column":42},"end":{"line":8,"column":68}},"3":{"start":{"line":9,"column":39},"end":{"line":9,"column":68}},"4":{"start":{"line":10,"column":12},"end":{"line":10,"column":36}},"5":{"start":{"line":12,"column":21},"end":{"line":12,"column":54}},"6":{"start":{"line":13,"column":24},"end":{"line":13,"column":60}},"7":{"start":{"line":15,"column":15},"end":{"line":15,"column":35}},"8":{"start":{"line":27,"column":0},"end":{"line":40,"column":3}},"9":{"start":{"line":28,"column":2},"end":{"line":39,"column":3}},"10":{"start":{"line":29,"column":22},"end":{"line":29,"column":65}},"11":{"start":{"line":30,"column":4},"end":{"line":33,"column":5}},"12":{"start":{"line":31,"column":19},"end":{"line":31,"column":53}},"13":{"start":{"line":31,"column":45},"end":{"line":31,"column":52}},"14":{"start":{"line":32,"column":6},"end":{"line":32,"column":38}},"15":{"start":{"line":35,"column":16},"end":{"line":35,"column":42}},"16":{"start":{"line":36,"column":4},"end":{"line":36,"column":41}},"17":{"start":{"line":38,"column":4},"end":{"line":38,"column":21}},"18":{"start":{"line":53,"column":0},"end":{"line":72,"column":3}},"19":{"start":{"line":54,"column":2},"end":{"line":65,"column":3}},"20":{"start":{"line":55,"column":40},"end":{"line":55,"column":49}},"21":{"start":{"line":56,"column":4},"end":{"line":56,"column":68}},"22":{"start":{"line":56,"column":16},"end":{"line":56,"column":68}},"23":{"start":{"line":57,"column":4},"end":{"line":64,"column":5}},"24":{"start":{"line":58,"column":6},"end":{"line":58,"column":53}},"25":{"start":{"line":59,"column":21},"end":{"line":59,"column":66}},"26":{"start":{"line":60,"column":6},"end":{"line":60,"column":40}},"27":{"start":{"line":63,"column":6},"end":{"line":63,"column":22}},"28":{"start":{"line":66,"column":2},"end":{"line":71,"column":3}},"29":{"start":{"line":67,"column":17},"end":{"line":67,"column":36}},"30":{"start":{"line":68,"column":4},"end":{"line":68,"column":30}},"31":{"start":{"line":70,"column":4},"end":{"line":70,"column":21}},"32":{"start":{"line":82,"column":0},"end":{"line":89,"column":3}},"33":{"start":{"line":83,"column":2},"end":{"line":88,"column":3}},"34":{"start":{"line":84,"column":16},"end":{"line":84,"column":48}},"35":{"start":{"line":85,"column":4},"end":{"line":85,"column":29}},"36":{"start":{"line":87,"column":4},"end":{"line":87,"column":21}},"37":{"start":{"line":102,"column":0},"end":{"line":115,"column":3}},"38":{"start":{"line":103,"column":2},"end":{"line":114,"column":3}},"39":{"start":{"line":104,"column":22},"end":{"line":104,"column":68}},"40":{"start":{"line":105,"column":4},"end":{"line":108,"column":5}},"41":{"start":{"line":106,"column":19},"end":{"line":106,"column":53}},"42":{"start":{"line":106,"column":45},"end":{"line":106,"column":52}},"43":{"start":{"line":107,"column":6},"end":{"line":107,"column":38}},"44":{"start":{"line":110,"column":16},"end":{"line":110,"column":61}},"45":{"start":{"line":111,"column":4},"end":{"line":111,"column":28}},"46":{"start":{"line":113,"column":4},"end":{"line":113,"column":21}},"47":{"start":{"line":122,"column":0},"end":{"line":129,"column":3}},"48":{"start":{"line":123,"column":2},"end":{"line":128,"column":3}},"49":{"start":{"line":124,"column":4},"end":{"line":124,"column":40}},"50":{"start":{"line":125,"column":4},"end":{"line":125,"column":52}},"51":{"start":{"line":127,"column":4},"end":{"line":127,"column":21}},"52":{"start":{"line":132,"column":0},"end":{"line":132,"column":24}}},"fnMap":{"0":{"name":"(anonymous_0)","decl":{"start":{"line":27,"column":45},"end":{"line":27,"column":46}},"loc":{"start":{"line":27,"column":77},"end":{"line":40,"column":1}},"line":27},"1":{"name":"(anonymous_1)","decl":{"start":{"line":31,"column":40},"end":{"line":31,"column":41}},"loc":{"start":{"line":31,"column":45},"end":{"line":31,"column":52}},"line":31},"2":{"name":"(anonymous_2)","decl":{"start":{"line":53,"column":16},"end":{"line":53,"column":17}},"loc":{"start":{"line":53,"column":48},"end":{"line":72,"column":1}},"line":53},"3":{"name":"(anonymous_3)","decl":{"start":{"line":82,"column":23},"end":{"line":82,"column":24}},"loc":{"start":{"line":82,"column":55},"end":{"line":89,"column":1}},"line":82},"4":{"name":"(anonymous_4)","decl":{"start":{"line":102,"column":49},"end":{"line":102,"column":50}},"loc":{"start":{"line":102,"column":81},"end":{"line":115,"column":1}},"line":102},"5":{"name":"(anonymous_5)","decl":{"start":{"line":106,"column":40},"end":{"line":106,"column":41}},"loc":{"start":{"line":106,"column":45},"end":{"line":106,"column":52}},"line":106},"6":{"name":"(anonymous_6)","decl":{"start":{"line":122,"column":54},"end":{"line":122,"column":55}},"loc":{"start":{"line":122,"column":86},"end":{"line":129,"column":1}},"line":122}},"branchMap":{"0":{"loc":{"start":{"line":30,"column":4},"end":{"line":33,"column":5}},"type":"if","locations":[{"start":{"line":30,"column":4},"end":{"line":33,"column":5}},{"start":{},"end":{}}],"line":30},"1":{"loc":{"start":{"line":54,"column":2},"end":{"line":65,"column":3}},"type":"if","locations":[{"start":{"line":54,"column":2},"end":{"line":65,"column":3}},{"start":{},"end":{}}],"line":54},"2":{"loc":{"start":{"line":56,"column":4},"end":{"line":56,"column":68}},"type":"if","locations":[{"start":{"line":56,"column":4},"end":{"line":56,"column":68}},{"start":{},"end":{}}],"line":56},"3":{"loc":{"start":{"line":105,"column":4},"end":{"line":108,"column":5}},"type":"if","locations":[{"start":{"line":105,"column":4},"end":{"line":108,"column":5}},{"start":{},"end":{}}],"line":105}},"s":{"0":4,"1":4,"2":4,"3":4,"4":4,"5":4,"6":4,"7":4,"8":4,"9":0,"10":0,"11":0,"12":0,"13":0,"14":0,"15":0,"16":0,"17":0,"18":4,"19":0,"20":0,"21":0,"22":0,"23":0,"24":0,"25":0,"26":0,"27":0,"28":0,"29":0,"30":0,"31":0,"32":4,"33":0,"34":0,"35":0,"36":0,"37":4,"38":0,"39":0,"40":0,"41":0,"42":0,"43":0,"44":0,"45":0,"46":0,"47":4,"48":0,"49":0,"50":0,"51":0,"52":4},"f":{"0":0,"1":0,"2":0,"3":0,"4":0,"5":0,"6":0},"b":{"0":[0,0],"1":[0,0],"2":[0,0],"3":[0,0]},"_coverageSchema":"1a1c01bbd47fc00a2c39e90264f33305004495a9","hash":"a2b98d732e02b5c99638252ec0b55bc6557f3a22"}
,"C:\\Users\\aodon\\sbExercises\\express-jobly\\routes\\users.js": {"path":"C:\\Users\\aodon\\sbExercises\\express-jobly\\routes\\users.js","statementMap":{"0":{"start":{"line":5,"column":19},"end":{"line":5,"column":40}},"1":{"start":{"line":7,"column":16},"end":{"line":7,"column":34}},"2":{"start":{"line":8,"column":54},"end":{"line":8,"column":83}},"3":{"start":{"line":9,"column":47},"end":{"line":9,"column":73}},"4":{"start":{"line":10,"column":13},"end":{"line":10,"column":38}},"5":{"start":{"line":11,"column":24},"end":{"line":11,"column":52}},"6":{"start":{"line":12,"column":22},"end":{"line":12,"column":56}},"7":{"start":{"line":13,"column":25},"end":{"line":13,"column":62}},"8":{"start":{"line":15,"column":15},"end":{"line":15,"column":31}},"9":{"start":{"line":30,"column":0},"end":{"line":44,"column":3}},"10":{"start":{"line":31,"column":2},"end":{"line":43,"column":3}},"11":{"start":{"line":32,"column":22},"end":{"line":32,"column":66}},"12":{"start":{"line":33,"column":4},"end":{"line":36,"column":5}},"13":{"start":{"line":34,"column":19},"end":{"line":34,"column":53}},"14":{"start":{"line":34,"column":45},"end":{"line":34,"column":52}},"15":{"start":{"line":35,"column":6},"end":{"line":35,"column":38}},"16":{"start":{"line":38,"column":17},"end":{"line":38,"column":46}},"17":{"start":{"line":39,"column":18},"end":{"line":39,"column":35}},"18":{"start":{"line":40,"column":4},"end":{"line":40,"column":49}},"19":{"start":{"line":42,"column":4},"end":{"line":42,"column":21}},"20":{"start":{"line":50,"column":0},"end":{"line":60,"column":3}},"21":{"start":{"line":51,"column":2},"end":{"line":51,"column":27}},"22":{"start":{"line":52,"column":2},"end":{"line":59,"column":3}},"23":{"start":{"line":53,"column":27},"end":{"line":53,"column":37}},"24":{"start":{"line":54,"column":24},"end":{"line":54,"column":54}},"25":{"start":{"line":55,"column":4},"end":{"line":55,"column":28}},"26":{"start":{"line":56,"column":4},"end":{"line":56,"column":49}},"27":{"start":{"line":58,"column":4},"end":{"line":58,"column":20}},"28":{"start":{"line":70,"column":0},"end":{"line":77,"column":3}},"29":{"start":{"line":71,"column":2},"end":{"line":76,"column":3}},"30":{"start":{"line":72,"column":18},"end":{"line":72,"column":38}},"31":{"start":{"line":73,"column":4},"end":{"line":73,"column":31}},"32":{"start":{"line":75,"column":4},"end":{"line":75,"column":21}},"33":{"start":{"line":87,"column":0},"end":{"line":94,"column":3}},"34":{"start":{"line":88,"column":2},"end":{"line":93,"column":3}},"35":{"start":{"line":89,"column":17},"end":{"line":89,"column":52}},"36":{"start":{"line":90,"column":4},"end":{"line":90,"column":30}},"37":{"start":{"line":92,"column":4},"end":{"line":92,"column":21}},"38":{"start":{"line":107,"column":0},"end":{"line":120,"column":3}},"39":{"start":{"line":108,"column":2},"end":{"line":119,"column":3}},"40":{"start":{"line":109,"column":22},"end":{"line":109,"column":69}},"41":{"start":{"line":110,"column":4},"end":{"line":113,"column":5}},"42":{"start":{"line":111,"column":19},"end":{"line":111,"column":53}},"43":{"start":{"line":111,"column":45},"end":{"line":111,"column":52}},"44":{"start":{"line":112,"column":6},"end":{"line":112,"column":38}},"45":{"start":{"line":115,"column":17},"end":{"line":115,"column":65}},"46":{"start":{"line":116,"column":4},"end":{"line":116,"column":30}},"47":{"start":{"line":118,"column":4},"end":{"line":118,"column":21}},"48":{"start":{"line":128,"column":0},"end":{"line":135,"column":3}},"49":{"start":{"line":129,"column":2},"end":{"line":134,"column":3}},"50":{"start":{"line":130,"column":4},"end":{"line":130,"column":43}},"51":{"start":{"line":131,"column":4},"end":{"line":131,"column":54}},"52":{"start":{"line":133,"column":4},"end":{"line":133,"column":21}},"53":{"start":{"line":138,"column":0},"end":{"line":138,"column":24}}},"fnMap":{"0":{"name":"(anonymous_0)","decl":{"start":{"line":30,"column":45},"end":{"line":30,"column":46}},"loc":{"start":{"line":30,"column":77},"end":{"line":44,"column":1}},"line":30},"1":{"name":"(anonymous_1)","decl":{"start":{"line":34,"column":40},"end":{"line":34,"column":41}},"loc":{"start":{"line":34,"column":45},"end":{"line":34,"column":52}},"line":34},"2":{"name":"(anonymous_2)","decl":{"start":{"line":50,"column":66},"end":{"line":50,"column":67}},"loc":{"start":{"line":50,"column":98},"end":{"line":60,"column":1}},"line":50},"3":{"name":"(anonymous_3)","decl":{"start":{"line":70,"column":44},"end":{"line":70,"column":45}},"loc":{"start":{"line":70,"column":76},"end":{"line":77,"column":1}},"line":70},"4":{"name":"(anonymous_4)","decl":{"start":{"line":87,"column":56},"end":{"line":87,"column":57}},"loc":{"start":{"line":87,"column":88},"end":{"line":94,"column":1}},"line":87},"5":{"name":"(anonymous_5)","decl":{"start":{"line":107,"column":58},"end":{"line":107,"column":59}},"loc":{"start":{"line":107,"column":90},"end":{"line":120,"column":1}},"line":107},"6":{"name":"(anonymous_6)","decl":{"start":{"line":111,"column":40},"end":{"line":111,"column":41}},"loc":{"start":{"line":111,"column":45},"end":{"line":111,"column":52}},"line":111},"7":{"name":"(anonymous_7)","decl":{"start":{"line":128,"column":59},"end":{"line":128,"column":60}},"loc":{"start":{"line":128,"column":91},"end":{"line":135,"column":1}},"line":128}},"branchMap":{"0":{"loc":{"start":{"line":33,"column":4},"end":{"line":36,"column":5}},"type":"if","locations":[{"start":{"line":33,"column":4},"end":{"line":36,"column":5}},{"start":{},"end":{}}],"line":33},"1":{"loc":{"start":{"line":110,"column":4},"end":{"line":113,"column":5}},"type":"if","locations":[{"start":{"line":110,"column":4},"end":{"line":113,"column":5}},{"start":{},"end":{}}],"line":110}},"s":{"0":4,"1":4,"2":4,"3":4,"4":4,"5":4,"6":4,"7":4,"8":4,"9":4,"10":4,"11":4,"12":4,"13":2,"14":5,"15":2,"16":2,"17":2,"18":2,"19":2,"20":4,"21":0,"22":0,"23":0,"24":0,"25":0,"26":0,"27":0,"28":4,"29":2,"30":2,"31":1,"32":1,"33":4,"34":2,"35":2,"36":1,"37":1,"38":4,"39":4,"40":4,"41":4,"42":1,"43":1,"44":1,"45":3,"46":2,"47":2,"48":4,"49":2,"50":2,"51":1,"52":1,"53":4},"f":{"0":4,"1":5,"2":0,"3":2,"4":2,"5":4,"6":1,"7":2},"b":{"0":[2,2],"1":[1,3]},"_coverageSchema":"1a1c01bbd47fc00a2c39e90264f33305004495a9","hash":"261e0cab97661379232d72aad124c19e22b558e1"}
}
