TN:
SF:app.js
FN:32,(anonymous_0)
FN:37,(anonymous_1)
FNF:2
FNH:2
FNDA:2,(anonymous_0)
FNDA:30,(anonymous_1)
DA:5,4
DA:6,4
DA:8,4
DA:10,4
DA:11,4
DA:12,4
DA:13,4
DA:14,4
DA:16,4
DA:18,4
DA:20,4
DA:21,4
DA:22,4
DA:23,4
DA:25,4
DA:26,4
DA:27,4
DA:28,4
DA:32,4
DA:33,2
DA:37,4
DA:38,30
DA:39,30
DA:40,30
DA:42,30
DA:47,4
LF:26
LH:26
BRDA:38,0,0,1
BRDA:38,0,1,29
BRDA:39,1,0,30
BRDA:39,1,1,2
BRF:4
BRH:4
end_of_record
TN:
SF:config.js
FN:14,getDatabaseUri
FNF:1
FNH:1
FNDA:20,getDatabaseUri
DA:5,10
DA:6,10
DA:7,10
DA:9,10
DA:11,10
DA:15,20
DA:23,10
DA:25,10
DA:26,10
DA:27,10
DA:28,10
DA:29,10
DA:30,10
DA:32,10
LF:14
LH:14
BRDA:9,0,0,10
BRDA:9,0,1,9
BRDA:11,1,0,10
BRDA:11,1,1,9
BRDA:15,2,0,17
BRDA:15,2,1,3
BRDA:17,3,0,3
BRDA:17,3,1,1
BRDA:23,4,0,9
BRDA:23,4,1,1
BRF:10
BRH:10
end_of_record
TN:
SF:db.js
FNF:0
FNH:0
DA:3,7
DA:4,7
DA:5,7
DA:9,7
DA:10,0
DA:17,7
DA:23,7
DA:25,7
LF:8
LH:7
BRDA:9,0,0,0
BRDA:9,0,1,7
BRF:2
BRH:1
end_of_record
TN:
SF:expressError.js
FN:8,(anonymous_0)
FN:18,(anonymous_1)
FN:26,(anonymous_2)
FN:34,(anonymous_3)
FN:42,(anonymous_4)
FNF:5
FNH:4
FNDA:45,(anonymous_0)
FNDA:17,(anonymous_1)
FNDA:12,(anonymous_2)
FNDA:16,(anonymous_3)
FNDA:0,(anonymous_4)
DA:9,45
DA:10,45
DA:11,45
DA:19,17
DA:27,12
DA:35,16
DA:43,0
DA:47,9
LF:8
LH:7
BRDA:18,0,0,2
BRDA:26,1,0,8
BRDA:34,2,0,0
BRDA:42,3,0,0
BRF:4
BRH:2
end_of_record
TN:
SF:secret.js
FNF:0
FNH:0
DA:1,10
DA:3,10
LF:2
LH:2
BRF:0
BRH:0
end_of_record
TN:
SF:helpers\queryBuilder.js
FN:9,companyQueryBuilder
FN:41,jobQueryBuilder
FNF:2
FNH:2
FNDA:6,companyQueryBuilder
FNDA:5,jobQueryBuilder
DA:11,6
DA:12,6
DA:13,6
DA:15,6
DA:17,6
DA:18,3
DA:19,3
DA:20,3
DA:21,3
DA:23,6
DA:24,3
DA:25,3
DA:26,3
DA:27,3
DA:29,6
DA:30,2
DA:31,2
DA:32,2
DA:33,2
DA:35,6
DA:43,5
DA:44,5
DA:45,5
DA:47,5
DA:49,5
DA:50,3
DA:51,3
DA:52,3
DA:53,3
DA:55,5
DA:56,2
DA:57,2
DA:58,2
DA:59,2
DA:61,5
DA:62,1
DA:63,1
DA:64,1
DA:65,1
DA:67,5
DA:68,0
DA:69,0
DA:70,0
DA:72,5
DA:79,7
LF:45
LH:42
BRDA:17,0,0,3
BRDA:17,0,1,3
BRDA:18,1,0,0
BRDA:18,1,1,3
BRDA:23,2,0,3
BRDA:23,2,1,3
BRDA:24,3,0,1
BRDA:24,3,1,2
BRDA:29,4,0,2
BRDA:29,4,1,4
BRDA:30,5,0,1
BRDA:30,5,1,1
BRDA:49,6,0,3
BRDA:49,6,1,2
BRDA:50,7,0,0
BRDA:50,7,1,3
BRDA:55,8,0,2
BRDA:55,8,1,3
BRDA:56,9,0,1
BRDA:56,9,1,1
BRDA:61,10,0,1
BRDA:61,10,1,4
BRDA:62,11,0,0
BRDA:62,11,1,1
BRDA:67,12,0,0
BRDA:67,12,1,5
BRDA:68,13,0,0
BRDA:68,13,1,0
BRF:28
BRH:22
end_of_record
TN:
SF:helpers\sql.js
FN:5,sqlForPartialUpdate
FN:12,(anonymous_1)
FNF:2
FNH:2
FNDA:18,sqlForPartialUpdate
FNDA:31,(anonymous_1)
DA:1,8
DA:6,18
DA:7,18
DA:12,15
DA:13,31
DA:18,15
DA:24,8
LF:7
LH:7
BRDA:7,0,0,3
BRDA:7,0,1,15
BRDA:13,1,0,31
BRDA:13,1,1,12
BRF:4
BRH:4
end_of_record
TN:
SF:helpers\tokens.js
FN:6,createToken
FNF:1
FNH:1
FNDA:10,createToken
DA:1,5
DA:2,5
DA:7,10
DA:10,10
DA:15,10
DA:18,5
LF:6
LH:6
BRDA:12,0,0,10
BRDA:12,0,1,5
BRF:2
BRH:2
end_of_record
TN:
SF:middleware\auth.js
FN:18,authenticateJWT
FN:36,ensureLoggedIn
FN:47,checkAdmin
FN:58,isAdminOrSelf
FNF:4
FNH:4
FNDA:48,authenticateJWT
FNDA:32,ensureLoggedIn
FNDA:15,checkAdmin
FNDA:8,isAdminOrSelf
DA:5,5
DA:6,5
DA:7,5
DA:19,48
DA:20,48
DA:21,48
DA:22,26
DA:23,26
DA:25,47
DA:27,1
DA:37,32
DA:38,32
DA:39,24
DA:41,8
DA:48,15
DA:49,15
DA:50,15
DA:51,15
DA:53,0
DA:59,8
DA:60,8
DA:61,8
DA:62,8
DA:63,8
DA:65,0
DA:69,5
LF:26
LH:24
BRDA:20,0,0,48
BRDA:20,0,1,47
BRDA:21,1,0,26
BRDA:21,1,1,22
BRDA:38,2,0,8
BRDA:38,2,1,24
BRDA:50,3,0,0
BRDA:50,3,1,15
BRDA:62,4,0,0
BRDA:62,4,1,8
BRDA:62,5,0,8
BRDA:62,5,1,0
BRF:12
BRH:9
end_of_record
TN:
SF:models\_testCommon.js
FN:6,commonBeforeAll
FN:44,commonBeforeEach
FN:48,commonAfterEach
FN:52,commonAfterAll
FNF:4
FNH:4
FNDA:3,commonBeforeAll
FNDA:41,commonBeforeEach
FNDA:41,commonAfterEach
FNDA:3,commonAfterAll
DA:1,3
DA:3,3
DA:4,3
DA:8,3
DA:10,3
DA:12,3
DA:14,3
DA:21,3
DA:29,3
DA:45,41
DA:49,41
DA:53,3
DA:57,3
LF:13
LH:13
BRF:0
BRH:0
end_of_record
TN:
SF:models\company.js
FN:20,(anonymous_0)
FN:53,(anonymous_1)
FN:69,(anonymous_2)
FN:84,(anonymous_3)
FN:125,(anonymous_4)
FN:155,(anonymous_5)
FNF:6
FNH:6
FNDA:13,(anonymous_0)
FNDA:3,(anonymous_1)
FNDA:3,(anonymous_2)
FNDA:5,(anonymous_3)
FNDA:6,(anonymous_4)
FNDA:4,(anonymous_5)
DA:3,5
DA:4,5
DA:5,5
DA:6,5
DA:21,13
DA:27,13
DA:28,1
DA:30,12
DA:43,12
DA:45,12
DA:54,3
DA:62,2
DA:71,3
DA:72,3
DA:73,3
DA:85,5
DA:94,5
DA:104,5
DA:105,5
DA:106,3
DA:107,3
DA:110,3
DA:126,6
DA:132,5
DA:134,5
DA:142,5
DA:143,5
DA:145,5
DA:147,3
DA:156,4
DA:162,4
DA:164,4
DA:169,5
LF:33
LH:33
BRDA:27,0,0,1
BRDA:27,0,1,12
BRDA:105,1,0,2
BRDA:105,1,1,3
BRDA:145,2,0,2
BRDA:145,2,1,3
BRDA:164,3,0,2
BRDA:164,3,1,2
BRF:8
BRH:8
end_of_record
TN:
SF:models\job.js
FN:27,(anonymous_0)
FN:50,(anonymous_1)
FN:65,(anonymous_2)
FN:79,(anonymous_3)
FN:108,(anonymous_4)
FN:139,(anonymous_5)
FNF:6
FNH:6
FNDA:1,(anonymous_0)
FNDA:1,(anonymous_1)
FNDA:3,(anonymous_2)
FNDA:2,(anonymous_3)
FNDA:3,(anonymous_4)
FNDA:2,(anonymous_5)
DA:3,5
DA:4,5
DA:5,5
DA:6,5
DA:28,1
DA:40,1
DA:41,1
DA:42,1
DA:51,1
DA:58,1
DA:66,3
DA:67,3
DA:68,3
DA:80,2
DA:89,2
DA:91,2
DA:93,1
DA:109,3
DA:115,2
DA:117,2
DA:126,2
DA:127,2
DA:129,2
DA:131,1
DA:140,2
DA:146,2
DA:148,2
DA:153,5
LF:28
LH:28
BRDA:91,0,0,1
BRDA:91,0,1,1
BRDA:129,1,0,1
BRDA:129,1,1,1
BRDA:148,2,0,1
BRDA:148,2,1,1
BRF:6
BRH:6
end_of_record
TN:
SF:models\user.js
FN:24,(anonymous_0)
FN:59,(anonymous_1)
FN:104,(anonymous_2)
FN:126,(anonymous_3)
FN:145,(anonymous_4)
FN:170,(anonymous_5)
FN:201,(anonymous_6)
FN:213,(anonymous_7)
FNF:8
FNH:6
FNDA:7,(anonymous_0)
FNDA:16,(anonymous_1)
FNDA:3,(anonymous_2)
FNDA:4,(anonymous_3)
FNDA:0,(anonymous_4)
FNDA:7,(anonymous_5)
FNDA:0,(anonymous_6)
FNDA:4,(anonymous_7)
DA:3,5
DA:4,5
DA:5,5
DA:10,5
DA:12,5
DA:26,7
DA:38,7
DA:40,7
DA:42,4
DA:43,4
DA:44,3
DA:45,3
DA:49,4
DA:61,16
DA:68,16
DA:69,1
DA:72,15
DA:74,15
DA:94,15
DA:96,15
DA:105,3
DA:115,2
DA:127,4
DA:137,4
DA:143,4
DA:144,4
DA:145,2
DA:146,2
DA:150,2
DA:171,7
DA:172,2
DA:175,7
DA:182,6
DA:184,6
DA:192,6
DA:193,6
DA:195,6
DA:197,4
DA:198,4
DA:202,0
DA:207,0
DA:208,0
DA:214,4
DA:221,4
DA:223,4
DA:228,5
LF:46
LH:43
BRDA:40,0,0,4
BRDA:40,0,1,3
BRDA:43,1,0,3
BRDA:43,1,1,1
BRDA:68,2,0,1
BRDA:68,2,1,15
BRDA:144,3,0,2
BRDA:144,3,1,2
BRDA:171,4,0,2
BRDA:171,4,1,5
BRDA:195,5,0,2
BRDA:195,5,1,4
BRDA:207,6,0,0
BRDA:207,6,1,0
BRDA:223,7,0,2
BRDA:223,7,1,2
BRF:16
BRH:14
end_of_record
TN:
SF:routes\_testCommon.js
FN:8,commonBeforeAll
FN:65,commonBeforeEach
FN:69,commonAfterEach
FN:73,commonAfterAll
FNF:4
FNH:4
FNDA:3,commonBeforeAll
FNDA:43,commonBeforeEach
FNDA:43,commonAfterEach
FNDA:3,commonAfterAll
DA:3,3
DA:4,3
DA:5,3
DA:6,3
DA:10,3
DA:12,3
DA:14,3
DA:22,3
DA:30,3
DA:39,3
DA:47,3
DA:55,3
DA:66,43
DA:70,43
DA:74,3
DA:78,3
DA:81,3
LF:17
LH:17
BRF:0
BRH:0
end_of_record
TN:
SF:routes\auth.js
FN:22,(anonymous_0)
FN:26,(anonymous_1)
FN:49,(anonymous_2)
FN:53,(anonymous_3)
FNF:4
FNH:4
FNDA:5,(anonymous_0)
FNDA:2,(anonymous_1)
FNDA:3,(anonymous_2)
FNDA:5,(anonymous_3)
DA:5,4
DA:7,4
DA:8,4
DA:9,4
DA:10,4
DA:11,4
DA:12,4
DA:13,4
DA:22,4
DA:23,5
DA:24,5
DA:25,5
DA:26,2
DA:27,2
DA:30,3
DA:31,3
DA:32,1
DA:33,1
DA:35,4
DA:49,4
DA:50,3
DA:51,3
DA:52,3
DA:53,5
DA:54,2
DA:57,1
DA:58,1
DA:59,1
DA:61,2
DA:66,4
LF:30
LH:30
BRDA:25,0,0,2
BRDA:25,0,1,3
BRDA:52,1,0,2
BRDA:52,1,1,1
BRF:4
BRH:4
end_of_record
TN:
SF:routes\companies.js
FN:27,(anonymous_0)
FN:31,(anonymous_1)
FN:53,(anonymous_2)
FN:82,(anonymous_3)
FN:102,(anonymous_4)
FN:106,(anonymous_5)
FN:122,(anonymous_6)
FNF:7
FNH:7
FNDA:3,(anonymous_0)
FNDA:3,(anonymous_1)
FNDA:2,(anonymous_2)
FNDA:3,(anonymous_3)
FNDA:4,(anonymous_4)
FNDA:2,(anonymous_5)
FNDA:2,(anonymous_6)
DA:5,4
DA:6,4
DA:8,4
DA:9,4
DA:10,4
DA:12,4
DA:13,4
DA:15,4
DA:27,4
DA:28,3
DA:29,3
DA:30,3
DA:31,3
DA:32,2
DA:35,1
DA:36,1
DA:38,2
DA:53,4
DA:54,2
DA:55,0
DA:56,0
DA:57,0
DA:58,0
DA:59,0
DA:60,0
DA:63,0
DA:66,2
DA:67,2
DA:68,1
DA:70,1
DA:82,4
DA:83,3
DA:84,3
DA:85,2
DA:87,1
DA:102,4
DA:103,4
DA:104,4
DA:105,4
DA:106,2
DA:107,2
DA:110,2
DA:111,1
DA:113,3
DA:122,4
DA:123,2
DA:124,2
DA:125,1
DA:127,1
DA:132,4
LF:50
LH:43
BRDA:30,0,0,2
BRDA:30,0,1,1
BRDA:54,1,0,0
BRDA:54,1,1,2
BRDA:56,2,0,0
BRDA:56,2,1,0
BRDA:105,3,0,2
BRDA:105,3,1,2
BRF:8
BRH:5
end_of_record
TN:
SF:routes\jobs.js
FN:27,(anonymous_0)
FN:31,(anonymous_1)
FN:53,(anonymous_2)
FN:82,(anonymous_3)
FN:102,(anonymous_4)
FN:106,(anonymous_5)
FN:122,(anonymous_6)
FNF:7
FNH:0
FNDA:0,(anonymous_0)
FNDA:0,(anonymous_1)
FNDA:0,(anonymous_2)
FNDA:0,(anonymous_3)
FNDA:0,(anonymous_4)
FNDA:0,(anonymous_5)
FNDA:0,(anonymous_6)
DA:5,4
DA:6,4
DA:8,4
DA:9,4
DA:10,4
DA:12,4
DA:13,4
DA:15,4
DA:27,4
DA:28,0
DA:29,0
DA:30,0
DA:31,0
DA:32,0
DA:35,0
DA:36,0
DA:38,0
DA:53,4
DA:54,0
DA:55,0
DA:56,0
DA:57,0
DA:58,0
DA:59,0
DA:60,0
DA:63,0
DA:66,0
DA:67,0
DA:68,0
DA:70,0
DA:82,4
DA:83,0
DA:84,0
DA:85,0
DA:87,0
DA:102,4
DA:103,0
DA:104,0
DA:105,0
DA:106,0
DA:107,0
DA:110,0
DA:111,0
DA:113,0
DA:122,4
DA:123,0
DA:124,0
DA:125,0
DA:127,0
DA:132,4
LF:50
LH:14
BRDA:30,0,0,0
BRDA:30,0,1,0
BRDA:54,1,0,0
BRDA:54,1,1,0
BRDA:56,2,0,0
BRDA:56,2,1,0
BRDA:105,3,0,0
BRDA:105,3,1,0
BRF:8
BRH:0
end_of_record
TN:
SF:routes\users.js
FN:30,(anonymous_0)
FN:34,(anonymous_1)
FN:50,(anonymous_2)
FN:70,(anonymous_3)
FN:87,(anonymous_4)
FN:107,(anonymous_5)
FN:111,(anonymous_6)
FN:128,(anonymous_7)
FNF:8
FNH:7
FNDA:4,(anonymous_0)
FNDA:5,(anonymous_1)
FNDA:0,(anonymous_2)
FNDA:2,(anonymous_3)
FNDA:2,(anonymous_4)
FNDA:4,(anonymous_5)
FNDA:1,(anonymous_6)
FNDA:2,(anonymous_7)
DA:5,4
DA:7,4
DA:8,4
DA:9,4
DA:10,4
DA:11,4
DA:12,4
DA:13,4
DA:15,4
DA:30,4
DA:31,4
DA:32,4
DA:33,4
DA:34,5
DA:35,2
DA:38,2
DA:39,2
DA:40,2
DA:42,2
DA:50,4
DA:51,0
DA:52,0
DA:53,0
DA:54,0
DA:55,0
DA:56,0
DA:58,0
DA:70,4
DA:71,2
DA:72,2
DA:73,1
DA:75,1
DA:87,4
DA:88,2
DA:89,2
DA:90,1
DA:92,1
DA:107,4
DA:108,4
DA:109,4
DA:110,4
DA:111,1
DA:112,1
DA:115,3
DA:116,2
DA:118,2
DA:128,4
DA:129,2
DA:130,2
DA:131,1
DA:133,1
DA:138,4
LF:52
LH:45
BRDA:33,0,0,2
BRDA:33,0,1,2
BRDA:110,1,0,1
BRDA:110,1,1,3
BRF:4
BRH:4
end_of_record
