TN:
SF:app.js
FN:9,(anonymous_0)
FN:42,(anonymous_1)
FN:47,(anonymous_2)
FNF:3
FNH:3
FNDA:22,(anonymous_0)
FNDA:2,(anonymous_1)
FNDA:34,(anonymous_2)
DA:8,5
DA:9,5
DA:10,22
DA:15,5
DA:16,5
DA:18,5
DA:20,5
DA:21,5
DA:22,5
DA:23,5
DA:24,5
DA:26,5
DA:28,5
DA:30,5
DA:31,5
DA:32,5
DA:33,5
DA:35,5
DA:36,5
DA:37,5
DA:38,5
DA:42,5
DA:43,2
DA:47,5
DA:48,34
DA:49,34
DA:50,34
DA:52,34
DA:57,5
LF:29
LH:29
BRDA:48,0,0,1
BRDA:48,0,1,33
BRDA:49,1,0,34
BRDA:49,1,1,2
BRF:4
BRH:4
end_of_record
TN:
SF:config.js
FN:14,getDatabaseUri
FNF:1
FNH:1
FNDA:22,getDatabaseUri
DA:5,11
DA:6,11
DA:7,11
DA:9,11
DA:11,11
DA:15,22
DA:23,11
DA:25,11
DA:26,11
DA:27,11
DA:28,11
DA:29,11
DA:30,11
DA:32,11
LF:14
LH:14
BRDA:9,0,0,11
BRDA:9,0,1,10
BRDA:11,1,0,11
BRDA:11,1,1,10
BRDA:15,2,0,19
BRDA:15,2,1,3
BRDA:17,3,0,3
BRDA:17,3,1,1
BRDA:23,4,0,10
BRDA:23,4,1,1
BRF:10
BRH:10
end_of_record
TN:
SF:db.js
FNF:0
FNH:0
DA:3,8
DA:4,8
DA:5,8
DA:9,8
DA:10,0
DA:17,8
DA:23,8
DA:25,8
LF:8
LH:7
BRDA:9,0,0,0
BRDA:9,0,1,8
BRF:2
BRH:1
end_of_record
TN:
SF:expressError.js
FN:8,(anonymous_0)
FN:18,(anonymous_1)
FN:26,(anonymous_2)
FN:34,(anonymous_3)
FN:42,(anonymous_4)
FNF:5
FNH:4
FNDA:49,(anonymous_0)
FNDA:18,(anonymous_1)
FNDA:15,(anonymous_2)
FNDA:16,(anonymous_3)
FNDA:0,(anonymous_4)
DA:9,49
DA:10,49
DA:11,49
DA:19,18
DA:27,15
DA:35,16
DA:43,0
DA:47,10
LF:8
LH:7
BRDA:18,0,0,2
BRDA:26,1,0,10
BRDA:34,2,0,0
BRDA:42,3,0,0
BRF:4
BRH:2
end_of_record
TN:
SF:secret.js
FNF:0
FNH:0
DA:1,11
DA:3,11
LF:2
LH:2
BRF:0
BRH:0
end_of_record
TN:
SF:helpers\queryBuilder.js
FN:9,companyQueryBuilder
FN:41,jobQueryBuilder
FNF:2
FNH:2
FNDA:6,companyQueryBuilder
FNDA:8,jobQueryBuilder
DA:11,6
DA:12,6
DA:13,6
DA:15,6
DA:17,6
DA:18,3
DA:19,3
DA:20,3
DA:21,3
DA:23,6
DA:24,3
DA:25,3
DA:26,3
DA:27,3
DA:29,6
DA:30,2
DA:31,2
DA:32,2
DA:33,2
DA:35,6
DA:43,8
DA:44,8
DA:45,8
DA:47,8
DA:49,8
DA:50,4
DA:51,4
DA:52,4
DA:53,4
DA:55,8
DA:56,3
DA:57,3
DA:58,3
DA:59,3
DA:61,8
DA:62,1
DA:63,1
DA:64,1
DA:65,1
DA:67,8
DA:68,1
DA:69,1
DA:70,1
DA:72,8
DA:79,8
LF:45
LH:45
BRDA:17,0,0,3
BRDA:17,0,1,3
BRDA:18,1,0,0
BRDA:18,1,1,3
BRDA:23,2,0,3
BRDA:23,2,1,3
BRDA:24,3,0,1
BRDA:24,3,1,2
BRDA:29,4,0,2
BRDA:29,4,1,4
BRDA:30,5,0,1
BRDA:30,5,1,1
BRDA:49,6,0,4
BRDA:49,6,1,4
BRDA:50,7,0,0
BRDA:50,7,1,4
BRDA:55,8,0,3
BRDA:55,8,1,5
BRDA:56,9,0,1
BRDA:56,9,1,2
BRDA:61,10,0,1
BRDA:61,10,1,7
BRDA:62,11,0,0
BRDA:62,11,1,1
BRDA:67,12,0,1
BRDA:67,12,1,7
BRDA:68,13,0,0
BRDA:68,13,1,1
BRF:28
BRH:24
end_of_record
TN:
SF:helpers\sql.js
FN:5,sqlForPartialUpdate
FN:12,(anonymous_1)
FNF:2
FNH:2
FNDA:19,sqlForPartialUpdate
FNDA:33,(anonymous_1)
DA:1,9
DA:6,19
DA:7,19
DA:12,16
DA:13,33
DA:18,16
DA:24,9
LF:7
LH:7
BRDA:7,0,0,3
BRDA:7,0,1,16
BRDA:13,1,0,33
BRDA:13,1,1,12
BRF:4
BRH:4
end_of_record
TN:
SF:helpers\tokens.js
FN:6,createToken
FNF:1
FNH:1
FNDA:15,createToken
DA:1,6
DA:2,6
DA:7,15
DA:10,15
DA:15,15
DA:18,6
LF:6
LH:6
BRDA:12,0,0,15
BRDA:12,0,1,9
BRF:2
BRH:2
end_of_record
TN:
SF:middleware\auth.js
FN:18,authenticateJWT
FN:36,ensureLoggedIn
FN:47,checkAdmin
FN:58,isAdminOrSelf
FNF:4
FNH:4
FNDA:61,authenticateJWT
FNDA:39,ensureLoggedIn
FNDA:17,checkAdmin
FNDA:11,isAdminOrSelf
DA:5,6
DA:6,6
DA:7,6
DA:19,61
DA:20,61
DA:21,61
DA:22,31
DA:23,31
DA:25,60
DA:27,1
DA:37,39
DA:38,39
DA:39,29
DA:41,10
DA:48,17
DA:49,17
DA:50,17
DA:51,17
DA:53,0
DA:59,11
DA:60,11
DA:61,11
DA:62,11
DA:63,11
DA:65,0
DA:69,6
LF:26
LH:24
BRDA:20,0,0,61
BRDA:20,0,1,60
BRDA:21,1,0,31
BRDA:21,1,1,30
BRDA:38,2,0,10
BRDA:38,2,1,29
BRDA:50,3,0,0
BRDA:50,3,1,17
BRDA:62,4,0,1
BRDA:62,4,1,10
BRDA:62,5,0,11
BRDA:62,5,1,2
BRF:12
BRH:11
end_of_record
TN:
SF:models\_testCommon.js
FN:6,commonBeforeAll
FN:51,commonBeforeEach
FN:55,commonAfterEach
FN:59,commonAfterAll
FNF:4
FNH:4
FNDA:3,commonBeforeAll
FNDA:42,commonBeforeEach
FNDA:42,commonAfterEach
FNDA:3,commonAfterAll
DA:1,3
DA:3,3
DA:4,3
DA:8,3
DA:10,3
DA:12,3
DA:14,3
DA:16,3
DA:23,3
DA:31,3
DA:45,3
DA:52,42
DA:56,42
DA:60,3
DA:64,3
LF:15
LH:15
BRF:0
BRH:0
end_of_record
TN:
SF:models\company.js
FN:20,(anonymous_0)
FN:53,(anonymous_1)
FN:69,(anonymous_2)
FN:84,(anonymous_3)
FN:125,(anonymous_4)
FN:155,(anonymous_5)
FNF:6
FNH:6
FNDA:16,(anonymous_0)
FNDA:3,(anonymous_1)
FNDA:3,(anonymous_2)
FNDA:5,(anonymous_3)
FNDA:6,(anonymous_4)
FNDA:4,(anonymous_5)
DA:3,6
DA:4,6
DA:5,6
DA:6,6
DA:21,16
DA:27,16
DA:28,1
DA:30,15
DA:43,15
DA:45,15
DA:54,3
DA:62,2
DA:71,3
DA:72,3
DA:73,3
DA:85,5
DA:94,5
DA:104,5
DA:105,5
DA:106,3
DA:107,3
DA:110,3
DA:126,6
DA:132,5
DA:134,5
DA:142,5
DA:143,5
DA:145,5
DA:147,3
DA:156,4
DA:162,4
DA:164,4
DA:169,6
LF:33
LH:33
BRDA:27,0,0,1
BRDA:27,0,1,15
BRDA:105,1,0,2
BRDA:105,1,1,3
BRDA:145,2,0,2
BRDA:145,2,1,3
BRDA:164,3,0,2
BRDA:164,3,1,2
BRF:8
BRH:8
end_of_record
TN:
SF:models\job.js
FN:22,(anonymous_0)
FN:45,(anonymous_1)
FN:60,(anonymous_2)
FN:74,(anonymous_3)
FN:103,(anonymous_4)
FN:134,(anonymous_5)
FNF:6
FNH:6
FNDA:14,(anonymous_0)
FNDA:2,(anonymous_1)
FNDA:6,(anonymous_2)
FNDA:4,(anonymous_3)
FNDA:4,(anonymous_4)
FNDA:2,(anonymous_5)
DA:3,6
DA:4,6
DA:5,6
DA:6,6
DA:23,14
DA:35,14
DA:37,14
DA:46,2
DA:53,2
DA:61,6
DA:62,6
DA:63,6
DA:75,4
DA:84,4
DA:86,4
DA:88,2
DA:104,4
DA:110,3
DA:112,3
DA:121,3
DA:122,3
DA:124,3
DA:126,2
DA:135,2
DA:141,2
DA:143,2
DA:148,6
LF:27
LH:27
BRDA:86,0,0,2
BRDA:86,0,1,2
BRDA:124,1,0,1
BRDA:124,1,1,2
BRDA:143,2,0,1
BRDA:143,2,1,1
BRF:6
BRH:6
end_of_record
TN:
SF:models\user.js
FN:24,(anonymous_0)
FN:59,(anonymous_1)
FN:104,(anonymous_2)
FN:126,(anonymous_3)
FN:146,(anonymous_4)
FN:171,(anonymous_5)
FN:202,(anonymous_6)
FN:214,(anonymous_7)
FNF:8
FNH:7
FNDA:7,(anonymous_0)
FNDA:19,(anonymous_1)
FNDA:3,(anonymous_2)
FNDA:5,(anonymous_3)
FNDA:4,(anonymous_4)
FNDA:7,(anonymous_5)
FNDA:0,(anonymous_6)
FNDA:6,(anonymous_7)
DA:3,6
DA:4,6
DA:5,6
DA:10,6
DA:12,6
DA:26,7
DA:38,7
DA:40,7
DA:42,4
DA:43,4
DA:44,3
DA:45,3
DA:49,4
DA:61,19
DA:68,19
DA:69,1
DA:72,18
DA:74,18
DA:94,18
DA:96,18
DA:105,3
DA:115,2
DA:127,5
DA:138,5
DA:144,5
DA:145,5
DA:146,4
DA:147,3
DA:151,3
DA:172,7
DA:173,2
DA:176,7
DA:183,6
DA:185,6
DA:193,6
DA:194,6
DA:196,6
DA:198,4
DA:199,4
DA:203,0
DA:208,0
DA:209,0
DA:215,6
DA:222,6
DA:224,6
DA:229,6
LF:46
LH:43
BRDA:40,0,0,4
BRDA:40,0,1,3
BRDA:43,1,0,3
BRDA:43,1,1,1
BRDA:68,2,0,1
BRDA:68,2,1,18
BRDA:145,3,0,2
BRDA:145,3,1,3
BRDA:172,4,0,2
BRDA:172,4,1,5
BRDA:196,5,0,2
BRDA:196,5,1,4
BRDA:208,6,0,0
BRDA:208,6,1,0
BRDA:224,7,0,2
BRDA:224,7,1,4
BRF:16
BRH:14
end_of_record
TN:
SF:routes\_testCommon.js
FN:9,commonBeforeAll
FN:91,commonBeforeEach
FN:95,commonAfterEach
FN:99,commonAfterAll
FNF:4
FNH:4
FNDA:4,commonBeforeAll
FNDA:56,commonBeforeEach
FNDA:56,commonAfterEach
FNDA:4,commonAfterAll
DA:3,4
DA:4,4
DA:5,4
DA:6,4
DA:7,4
DA:11,4
DA:13,4
DA:15,4
DA:19,4
DA:27,4
DA:35,4
DA:44,4
DA:52,4
DA:60,4
DA:69,4
DA:76,4
DA:83,4
DA:92,56
DA:96,56
DA:100,4
DA:104,4
DA:105,4
DA:108,4
LF:23
LH:23
BRF:0
BRH:0
end_of_record
TN:
SF:routes\auth.js
FN:22,(anonymous_0)
FN:26,(anonymous_1)
FN:49,(anonymous_2)
FN:53,(anonymous_3)
FNF:4
FNH:4
FNDA:5,(anonymous_0)
FNDA:2,(anonymous_1)
FNDA:3,(anonymous_2)
FNDA:5,(anonymous_3)
DA:5,5
DA:7,5
DA:8,5
DA:9,5
DA:10,5
DA:11,5
DA:12,5
DA:13,5
DA:22,5
DA:23,5
DA:24,5
DA:25,5
DA:26,2
DA:27,2
DA:30,3
DA:31,3
DA:32,1
DA:33,1
DA:35,4
DA:49,5
DA:50,3
DA:51,3
DA:52,3
DA:53,5
DA:54,2
DA:57,1
DA:58,1
DA:59,1
DA:61,2
DA:66,5
LF:30
LH:30
BRDA:25,0,0,2
BRDA:25,0,1,3
BRDA:52,1,0,2
BRDA:52,1,1,1
BRF:4
BRH:4
end_of_record
TN:
SF:routes\companies.js
FN:27,(anonymous_0)
FN:31,(anonymous_1)
FN:53,(anonymous_2)
FN:82,(anonymous_3)
FN:102,(anonymous_4)
FN:106,(anonymous_5)
FN:122,(anonymous_6)
FNF:7
FNH:7
FNDA:3,(anonymous_0)
FNDA:3,(anonymous_1)
FNDA:2,(anonymous_2)
FNDA:3,(anonymous_3)
FNDA:4,(anonymous_4)
FNDA:2,(anonymous_5)
FNDA:2,(anonymous_6)
DA:5,5
DA:6,5
DA:8,5
DA:9,5
DA:10,5
DA:12,5
DA:13,5
DA:15,5
DA:27,5
DA:28,3
DA:29,3
DA:30,3
DA:31,3
DA:32,2
DA:35,1
DA:36,1
DA:38,2
DA:53,5
DA:54,2
DA:55,0
DA:56,0
DA:57,0
DA:58,0
DA:59,0
DA:60,0
DA:63,0
DA:66,2
DA:67,2
DA:68,1
DA:70,1
DA:82,5
DA:83,3
DA:84,3
DA:85,2
DA:87,1
DA:102,5
DA:103,4
DA:104,4
DA:105,4
DA:106,2
DA:107,2
DA:110,2
DA:111,1
DA:113,3
DA:122,5
DA:123,2
DA:124,2
DA:125,1
DA:127,1
DA:132,5
LF:50
LH:43
BRDA:30,0,0,2
BRDA:30,0,1,1
BRDA:54,1,0,0
BRDA:54,1,1,2
BRDA:56,2,0,0
BRDA:56,2,1,0
BRDA:105,3,0,2
BRDA:105,3,1,2
BRF:8
BRH:5
end_of_record
TN:
SF:routes\jobs.js
FN:27,(anonymous_0)
FN:31,(anonymous_1)
FN:53,(anonymous_2)
FN:81,(anonymous_3)
FN:101,(anonymous_4)
FN:105,(anonymous_5)
FN:121,(anonymous_6)
FNF:7
FNH:4
FNDA:1,(anonymous_0)
FNDA:0,(anonymous_1)
FNDA:4,(anonymous_2)
FNDA:2,(anonymous_3)
FNDA:1,(anonymous_4)
FNDA:0,(anonymous_5)
FNDA:0,(anonymous_6)
DA:5,5
DA:6,5
DA:8,5
DA:9,5
DA:10,5
DA:12,5
DA:13,5
DA:15,5
DA:27,5
DA:28,1
DA:29,1
DA:30,1
DA:31,0
DA:32,0
DA:35,1
DA:36,1
DA:38,0
DA:53,5
DA:54,4
DA:55,3
DA:56,3
DA:57,3
DA:58,3
DA:59,3
DA:62,0
DA:65,1
DA:66,1
DA:67,1
DA:69,0
DA:81,5
DA:82,2
DA:83,2
DA:84,1
DA:86,1
DA:101,5
DA:102,1
DA:103,1
DA:104,1
DA:105,0
DA:106,0
DA:108,1
DA:109,1
DA:110,1
DA:112,0
DA:121,5
DA:122,0
DA:123,0
DA:124,0
DA:126,0
DA:131,5
LF:50
LH:38
BRDA:30,0,0,0
BRDA:30,0,1,1
BRDA:54,1,0,3
BRDA:54,1,1,1
BRDA:56,2,0,0
BRDA:56,2,1,3
BRDA:104,3,0,0
BRDA:104,3,1,1
BRF:8
BRH:5
end_of_record
TN:
SF:routes\users.js
FN:30,(anonymous_0)
FN:34,(anonymous_1)
FN:50,(anonymous_2)
FN:70,(anonymous_3)
FN:87,(anonymous_4)
FN:107,(anonymous_5)
FN:111,(anonymous_6)
FN:128,(anonymous_7)
FNF:8
FNH:7
FNDA:4,(anonymous_0)
FNDA:5,(anonymous_1)
FNDA:0,(anonymous_2)
FNDA:2,(anonymous_3)
FNDA:2,(anonymous_4)
FNDA:4,(anonymous_5)
FNDA:1,(anonymous_6)
FNDA:4,(anonymous_7)
DA:5,5
DA:7,5
DA:8,5
DA:9,5
DA:10,5
DA:11,5
DA:12,5
DA:13,5
DA:15,5
DA:30,5
DA:31,4
DA:32,4
DA:33,4
DA:34,5
DA:35,2
DA:38,2
DA:39,2
DA:40,2
DA:42,2
DA:50,5
DA:51,0
DA:52,0
DA:53,0
DA:54,0
DA:55,0
DA:56,0
DA:58,0
DA:70,5
DA:71,2
DA:72,2
DA:73,1
DA:75,1
DA:87,5
DA:88,2
DA:89,2
DA:90,1
DA:92,1
DA:107,5
DA:108,4
DA:109,4
DA:110,4
DA:111,1
DA:112,1
DA:115,3
DA:116,2
DA:118,2
DA:128,5
DA:129,4
DA:130,4
DA:131,3
DA:133,1
DA:138,5
LF:52
LH:45
BRDA:33,0,0,2
BRDA:33,0,1,2
BRDA:110,1,0,1
BRDA:110,1,1,3
BRF:4
BRH:4
end_of_record
